2005.02.20 21:03 B C:\Ajedrez\agax.org\archivo\fotos\2001\brig001.JPG --> ftp.agax.org /www/archivo/fotos/2001 brig001.JPG
2005.02.20 21:03 B C:\Ajedrez\agax.org\archivo\fotos\2001\brig001_small.JPG --> ftp.agax.org /www/archivo/fotos/2001 brig001_small.JPG
2005.02.20 21:03 B C:\Ajedrez\agax.org\archivo\fotos\2001\brig0050.jpg --> ftp.agax.org /www/archivo/fotos/2001 brig0050.jpg
2005.02.20 21:03 B C:\Ajedrez\agax.org\archivo\fotos\2001\brig0050_small.jpg --> ftp.agax.org /www/archivo/fotos/2001 brig0050_small.jpg
2005.02.20 21:04 B C:\Ajedrez\agax.org\archivo\fotos\2001\brig012.jpg --> ftp.agax.org /www/archivo/fotos/2001 brig012.jpg
2005.02.20 21:04 B C:\Ajedrez\agax.org\archivo\fotos\2001\brig012_small.jpg --> ftp.agax.org /www/archivo/fotos/2001 brig012_small.jpg
2005.02.20 21:04 B C:\Ajedrez\agax.org\archivo\fotos\2001\brig0140.jpg --> ftp.agax.org /www/archivo/fotos/2001 brig0140.jpg
2005.02.20 21:04 B C:\Ajedrez\agax.org\archivo\fotos\2001\brig0140_small.jpg --> ftp.agax.org /www/archivo/fotos/2001 brig0140_small.jpg
2005.02.20 21:04 B C:\Ajedrez\agax.org\archivo\fotos\2001\dom001.JPG --> ftp.agax.org /www/archivo/fotos/2001 dom001.JPG
2005.02.20 21:04 B C:\Ajedrez\agax.org\archivo\fotos\2001\dom001_small.JPG --> ftp.agax.org /www/archivo/fotos/2001 dom001_small.JPG
2005.02.20 21:04 B C:\Ajedrez\agax.org\archivo\fotos\2001\dom002.JPG --> ftp.agax.org /www/archivo/fotos/2001 dom002.JPG
2005.02.20 21:04 B C:\Ajedrez\agax.org\archivo\fotos\2001\mag2001.htm --> ftp.agax.org /www/archivo/fotos/2001 mag2001.htm
2005.02.20 21:05 B C:\Ajedrez\agax.org\archivo\fotos\2001\mara003.jpg --> ftp.agax.org /www/archivo/fotos/2001 mara003.jpg
2005.02.20 21:05 B C:\Ajedrez\agax.org\archivo\fotos\2001\mara003_small.jpg --> ftp.agax.org /www/archivo/fotos/2001 mara003_small.jpg
2005.02.20 21:05 B C:\Ajedrez\agax.org\archivo\fotos\2001\mara005.jpg --> ftp.agax.org /www/archivo/fotos/2001 mara005.jpg
2005.02.20 21:05 B C:\Ajedrez\agax.org\archivo\fotos\2001\mara005_small.jpg --> ftp.agax.org /www/archivo/fotos/2001 mara005_small.jpg
2005.02.20 21:06 B C:\Ajedrez\agax.org\archivo\fotos\2001\mara007.jpg --> ftp.agax.org /www/archivo/fotos/2001 mara007.jpg
2005.02.20 21:06 B C:\Ajedrez\agax.org\archivo\fotos\2001\mara007_small.jpg --> ftp.agax.org /www/archivo/fotos/2001 mara007_small.jpg
2005.02.20 21:06 B C:\Ajedrez\agax.org\archivo\fotos\2001\maris001.jpg --> ftp.agax.org /www/archivo/fotos/2001 maris001.jpg
2005.02.20 21:06 B C:\Ajedrez\agax.org\archivo\fotos\2001\maris001_small.jpg --> ftp.agax.org /www/archivo/fotos/2001 maris001_small.jpg
2005.02.20 21:06 B C:\Ajedrez\agax.org\archivo\fotos\2001\out010.JPG --> ftp.agax.org /www/archivo/fotos/2001 out010.JPG
2005.02.20 21:07 B C:\Ajedrez\agax.org\archivo\fotos\2001\out010_small.JPG --> ftp.agax.org /www/archivo/fotos/2001 out010_small.JPG
2005.02.20 21:07 B C:\Ajedrez\agax.org\archivo\fotos\2001\out013.jpg --> ftp.agax.org /www/archivo/fotos/2001 out013.jpg
2005.02.20 21:07 B C:\Ajedrez\agax.org\archivo\fotos\2001\out013_small.jpg --> ftp.agax.org /www/archivo/fotos/2001 out013_small.jpg
2005.02.20 21:08 B C:\Ajedrez\agax.org\archivo\fotos\2001\out014.jpg --> ftp.agax.org /www/archivo/fotos/2001 out014.jpg
2005.02.20 21:08 B C:\Ajedrez\agax.org\archivo\fotos\2001\out014_small.jpg --> ftp.agax.org /www/archivo/fotos/2001 out014_small.jpg
2005.02.20 21:08 B C:\Ajedrez\agax.org\archivo\fotos\2001\out017.jpg --> ftp.agax.org /www/archivo/fotos/2001 out017.jpg
2005.02.20 21:08 B C:\Ajedrez\agax.org\archivo\fotos\2001\out0170.jpg --> ftp.agax.org /www/archivo/fotos/2001 out0170.jpg
2005.02.20 21:08 B C:\Ajedrez\agax.org\archivo\fotos\2001\out0170_small.jpg --> ftp.agax.org /www/archivo/fotos/2001 out0170_small.jpg
2005.02.20 21:09 B C:\Ajedrez\agax.org\archivo\fotos\2001\out020.jpg --> ftp.agax.org /www/archivo/fotos/2001 out020.jpg
2005.02.20 21:09 B C:\Ajedrez\agax.org\archivo\fotos\2001\out020_small.jpg --> ftp.agax.org /www/archivo/fotos/2001 out020_small.jpg
2006.10.19 11:22 B C:\Ajedrez\agax.org\archivo\fotos\2001\brig001.JPG --> ftp.agax.org /html/archivo/fotos/2001 brig001.JPG
2006.10.19 11:22 B C:\Ajedrez\agax.org\archivo\fotos\2001\brig001_small.JPG --> ftp.agax.org /html/archivo/fotos/2001 brig001_small.JPG
2006.10.19 11:22 B C:\Ajedrez\agax.org\archivo\fotos\2001\brig0050.jpg --> ftp.agax.org /html/archivo/fotos/2001 brig0050.jpg
2006.10.19 11:22 B C:\Ajedrez\agax.org\archivo\fotos\2001\brig0050_small.jpg --> ftp.agax.org /html/archivo/fotos/2001 brig0050_small.jpg
2006.10.19 11:22 B C:\Ajedrez\agax.org\archivo\fotos\2001\brig012.jpg --> ftp.agax.org /html/archivo/fotos/2001 brig012.jpg
2006.10.19 11:22 B C:\Ajedrez\agax.org\archivo\fotos\2001\brig012_small.jpg --> ftp.agax.org /html/archivo/fotos/2001 brig012_small.jpg
2006.10.19 11:22 B C:\Ajedrez\agax.org\archivo\fotos\2001\brig0140.jpg --> ftp.agax.org /html/archivo/fotos/2001 brig0140.jpg
2006.10.19 11:22 B C:\Ajedrez\agax.org\archivo\fotos\2001\brig0140_small.jpg --> ftp.agax.org /html/archivo/fotos/2001 brig0140_small.jpg
2006.10.19 11:22 B C:\Ajedrez\agax.org\archivo\fotos\2001\dom001.JPG --> ftp.agax.org /html/archivo/fotos/2001 dom001.JPG
2006.10.19 11:22 B C:\Ajedrez\agax.org\archivo\fotos\2001\dom001_small.JPG --> ftp.agax.org /html/archivo/fotos/2001 dom001_small.JPG
2006.10.19 11:22 B C:\Ajedrez\agax.org\archivo\fotos\2001\dom002.JPG --> ftp.agax.org /html/archivo/fotos/2001 dom002.JPG
2006.10.19 11:22 B C:\Ajedrez\agax.org\archivo\fotos\2001\mag2001.htm --> ftp.agax.org /html/archivo/fotos/2001 mag2001.htm
2006.10.19 11:23 B C:\Ajedrez\agax.org\archivo\fotos\2001\mara003.jpg --> ftp.agax.org /html/archivo/fotos/2001 mara003.jpg
2006.10.19 11:23 B C:\Ajedrez\agax.org\archivo\fotos\2001\mara003_small.jpg --> ftp.agax.org /html/archivo/fotos/2001 mara003_small.jpg
2006.10.19 11:23 B C:\Ajedrez\agax.org\archivo\fotos\2001\mara005.jpg --> ftp.agax.org /html/archivo/fotos/2001 mara005.jpg
2006.10.19 11:23 B C:\Ajedrez\agax.org\archivo\fotos\2001\mara005_small.jpg --> ftp.agax.org /html/archivo/fotos/2001 mara005_small.jpg
2006.10.19 11:23 B C:\Ajedrez\agax.org\archivo\fotos\2001\mara007.jpg --> ftp.agax.org /html/archivo/fotos/2001 mara007.jpg
2006.10.19 11:23 B C:\Ajedrez\agax.org\archivo\fotos\2001\mara007_small.jpg --> ftp.agax.org /html/archivo/fotos/2001 mara007_small.jpg
2006.10.19 11:23 B C:\Ajedrez\agax.org\archivo\fotos\2001\maris001.jpg --> ftp.agax.org /html/archivo/fotos/2001 maris001.jpg
2006.10.19 11:23 B C:\Ajedrez\agax.org\archivo\fotos\2001\maris001_small.jpg --> ftp.agax.org /html/archivo/fotos/2001 maris001_small.jpg
2006.10.19 11:23 B C:\Ajedrez\agax.org\archivo\fotos\2001\out010.JPG --> ftp.agax.org /html/archivo/fotos/2001 out010.JPG
2006.10.19 11:23 B C:\Ajedrez\agax.org\archivo\fotos\2001\out010_small.JPG --> ftp.agax.org /html/archivo/fotos/2001 out010_small.JPG
2006.10.19 11:23 B C:\Ajedrez\agax.org\archivo\fotos\2001\out013.jpg --> ftp.agax.org /html/archivo/fotos/2001 out013.jpg
2006.10.19 11:23 B C:\Ajedrez\agax.org\archivo\fotos\2001\out013_small.jpg --> ftp.agax.org /html/archivo/fotos/2001 out013_small.jpg
2006.10.19 11:23 B C:\Ajedrez\agax.org\archivo\fotos\2001\out014.jpg --> ftp.agax.org /html/archivo/fotos/2001 out014.jpg
2006.10.19 11:23 B C:\Ajedrez\agax.org\archivo\fotos\2001\out014_small.jpg --> ftp.agax.org /html/archivo/fotos/2001 out014_small.jpg
2006.10.19 11:23 B C:\Ajedrez\agax.org\archivo\fotos\2001\out017.jpg --> ftp.agax.org /html/archivo/fotos/2001 out017.jpg
2006.10.19 11:23 B C:\Ajedrez\agax.org\archivo\fotos\2001\out0170.jpg --> ftp.agax.org /html/archivo/fotos/2001 out0170.jpg
2006.10.19 11:23 B C:\Ajedrez\agax.org\archivo\fotos\2001\out0170_small.jpg --> ftp.agax.org /html/archivo/fotos/2001 out0170_small.jpg
2006.10.19 11:24 B C:\Ajedrez\agax.org\archivo\fotos\2001\out020.jpg --> ftp.agax.org /html/archivo/fotos/2001 out020.jpg
2006.10.19 11:24 B C:\Ajedrez\agax.org\archivo\fotos\2001\out020_small.jpg --> ftp.agax.org /html/archivo/fotos/2001 out020_small.jpg
2006.10.19 11:24 B C:\Ajedrez\agax.org\archivo\fotos\2001\Thumbs.db --> ftp.agax.org /html/archivo/fotos/2001 Thumbs.db
