2005.02.20 21:01 B C:\Ajedrez\agax.org\archivo\fotos\2000\bri001.jpg --> ftp.agax.org /www/archivo/fotos/2000 bri001.jpg
2005.02.20 21:01 B C:\Ajedrez\agax.org\archivo\fotos\2000\bri001_small.jpg --> ftp.agax.org /www/archivo/fotos/2000 bri001_small.jpg
2005.02.20 21:02 B C:\Ajedrez\agax.org\archivo\fotos\2000\bri010.jpg --> ftp.agax.org /www/archivo/fotos/2000 bri010.jpg
2005.02.20 21:02 B C:\Ajedrez\agax.org\archivo\fotos\2000\bri010_small.jpg --> ftp.agax.org /www/archivo/fotos/2000 bri010_small.jpg
2005.02.20 21:02 B C:\Ajedrez\agax.org\archivo\fotos\2000\dci005.jpg --> ftp.agax.org /www/archivo/fotos/2000 dci005.jpg
2005.02.20 21:02 B C:\Ajedrez\agax.org\archivo\fotos\2000\dci005_small.jpg --> ftp.agax.org /www/archivo/fotos/2000 dci005_small.jpg
2005.02.20 21:02 B C:\Ajedrez\agax.org\archivo\fotos\2000\dci007.jpg --> ftp.agax.org /www/archivo/fotos/2000 dci007.jpg
2005.02.20 21:02 B C:\Ajedrez\agax.org\archivo\fotos\2000\dci007_small.jpg --> ftp.agax.org /www/archivo/fotos/2000 dci007_small.jpg
2005.02.20 21:02 B C:\Ajedrez\agax.org\archivo\fotos\2000\dci008.jpg --> ftp.agax.org /www/archivo/fotos/2000 dci008.jpg
2005.02.20 21:02 B C:\Ajedrez\agax.org\archivo\fotos\2000\dci008_small.jpg --> ftp.agax.org /www/archivo/fotos/2000 dci008_small.jpg
2005.02.20 21:02 B C:\Ajedrez\agax.org\archivo\fotos\2000\dci012.jpg --> ftp.agax.org /www/archivo/fotos/2000 dci012.jpg
2005.02.20 21:02 B C:\Ajedrez\agax.org\archivo\fotos\2000\dci012_small.jpg --> ftp.agax.org /www/archivo/fotos/2000 dci012_small.jpg
2005.02.20 21:03 B C:\Ajedrez\agax.org\archivo\fotos\2000\dci013.jpg --> ftp.agax.org /www/archivo/fotos/2000 dci013.jpg
2005.02.20 21:03 B C:\Ajedrez\agax.org\archivo\fotos\2000\dci013_small.jpg --> ftp.agax.org /www/archivo/fotos/2000 dci013_small.jpg
2005.02.20 21:03 B C:\Ajedrez\agax.org\archivo\fotos\2000\dom002.jpg --> ftp.agax.org /www/archivo/fotos/2000 dom002.jpg
2005.02.20 21:03 B C:\Ajedrez\agax.org\archivo\fotos\2000\dom002_small.jpg --> ftp.agax.org /www/archivo/fotos/2000 dom002_small.jpg
2005.02.20 21:03 B C:\Ajedrez\agax.org\archivo\fotos\2000\mag2000.htm --> ftp.agax.org /www/archivo/fotos/2000 mag2000.htm
2005.02.20 21:03 B C:\Ajedrez\agax.org\archivo\fotos\2000\roc0090.jpg --> ftp.agax.org /www/archivo/fotos/2000 roc0090.jpg
2005.02.20 21:03 B C:\Ajedrez\agax.org\archivo\fotos\2000\roc0090_small.jpg --> ftp.agax.org /www/archivo/fotos/2000 roc0090_small.jpg
2005.02.20 21:03 B C:\Ajedrez\agax.org\archivo\fotos\2000\roc0100.jpg --> ftp.agax.org /www/archivo/fotos/2000 roc0100.jpg
2005.02.20 21:03 B C:\Ajedrez\agax.org\archivo\fotos\2000\roc0100_small.jpg --> ftp.agax.org /www/archivo/fotos/2000 roc0100_small.jpg
2005.02.20 21:03 B C:\Ajedrez\agax.org\archivo\fotos\2000\roc0120.jpg --> ftp.agax.org /www/archivo/fotos/2000 roc0120.jpg
2005.02.20 21:03 B C:\Ajedrez\agax.org\archivo\fotos\2000\roc0120_small.jpg --> ftp.agax.org /www/archivo/fotos/2000 roc0120_small.jpg
2005.02.20 21:03 B C:\Ajedrez\agax.org\archivo\fotos\2000\roc0150.jpg --> ftp.agax.org /www/archivo/fotos/2000 roc0150.jpg
2005.02.20 21:03 B C:\Ajedrez\agax.org\archivo\fotos\2000\roc0150_small.jpg --> ftp.agax.org /www/archivo/fotos/2000 roc0150_small.jpg
2006.10.19 11:22 B C:\Ajedrez\agax.org\archivo\fotos\2000\bri001.jpg --> ftp.agax.org /html/archivo/fotos/2000 bri001.jpg
2006.10.19 11:22 B C:\Ajedrez\agax.org\archivo\fotos\2000\bri001_small.jpg --> ftp.agax.org /html/archivo/fotos/2000 bri001_small.jpg
2006.10.19 11:22 B C:\Ajedrez\agax.org\archivo\fotos\2000\bri010.jpg --> ftp.agax.org /html/archivo/fotos/2000 bri010.jpg
2006.10.19 11:22 B C:\Ajedrez\agax.org\archivo\fotos\2000\bri010_small.jpg --> ftp.agax.org /html/archivo/fotos/2000 bri010_small.jpg
2006.10.19 11:22 B C:\Ajedrez\agax.org\archivo\fotos\2000\dci005.jpg --> ftp.agax.org /html/archivo/fotos/2000 dci005.jpg
2006.10.19 11:22 B C:\Ajedrez\agax.org\archivo\fotos\2000\dci005_small.jpg --> ftp.agax.org /html/archivo/fotos/2000 dci005_small.jpg
2006.10.19 11:22 B C:\Ajedrez\agax.org\archivo\fotos\2000\dci007.jpg --> ftp.agax.org /html/archivo/fotos/2000 dci007.jpg
2006.10.19 11:22 B C:\Ajedrez\agax.org\archivo\fotos\2000\dci007_small.jpg --> ftp.agax.org /html/archivo/fotos/2000 dci007_small.jpg
2006.10.19 11:22 B C:\Ajedrez\agax.org\archivo\fotos\2000\dci008.jpg --> ftp.agax.org /html/archivo/fotos/2000 dci008.jpg
2006.10.19 11:22 B C:\Ajedrez\agax.org\archivo\fotos\2000\dci008_small.jpg --> ftp.agax.org /html/archivo/fotos/2000 dci008_small.jpg
2006.10.19 11:22 B C:\Ajedrez\agax.org\archivo\fotos\2000\dci012.jpg --> ftp.agax.org /html/archivo/fotos/2000 dci012.jpg
2006.10.19 11:22 B C:\Ajedrez\agax.org\archivo\fotos\2000\dci012_small.jpg --> ftp.agax.org /html/archivo/fotos/2000 dci012_small.jpg
2006.10.19 11:22 B C:\Ajedrez\agax.org\archivo\fotos\2000\dci013.jpg --> ftp.agax.org /html/archivo/fotos/2000 dci013.jpg
2006.10.19 11:22 B C:\Ajedrez\agax.org\archivo\fotos\2000\dci013_small.jpg --> ftp.agax.org /html/archivo/fotos/2000 dci013_small.jpg
2006.10.19 11:22 B C:\Ajedrez\agax.org\archivo\fotos\2000\dom002.jpg --> ftp.agax.org /html/archivo/fotos/2000 dom002.jpg
2006.10.19 11:22 B C:\Ajedrez\agax.org\archivo\fotos\2000\dom002_small.jpg --> ftp.agax.org /html/archivo/fotos/2000 dom002_small.jpg
2006.10.19 11:22 B C:\Ajedrez\agax.org\archivo\fotos\2000\mag2000.htm --> ftp.agax.org /html/archivo/fotos/2000 mag2000.htm
2006.10.19 11:22 B C:\Ajedrez\agax.org\archivo\fotos\2000\roc0090.jpg --> ftp.agax.org /html/archivo/fotos/2000 roc0090.jpg
2006.10.19 11:22 B C:\Ajedrez\agax.org\archivo\fotos\2000\roc0090_small.jpg --> ftp.agax.org /html/archivo/fotos/2000 roc0090_small.jpg
2006.10.19 11:22 B C:\Ajedrez\agax.org\archivo\fotos\2000\roc0100.jpg --> ftp.agax.org /html/archivo/fotos/2000 roc0100.jpg
2006.10.19 11:22 B C:\Ajedrez\agax.org\archivo\fotos\2000\roc0100_small.jpg --> ftp.agax.org /html/archivo/fotos/2000 roc0100_small.jpg
2006.10.19 11:22 B C:\Ajedrez\agax.org\archivo\fotos\2000\roc0120.jpg --> ftp.agax.org /html/archivo/fotos/2000 roc0120.jpg
2006.10.19 11:22 B C:\Ajedrez\agax.org\archivo\fotos\2000\roc0120_small.jpg --> ftp.agax.org /html/archivo/fotos/2000 roc0120_small.jpg
2006.10.19 11:22 B C:\Ajedrez\agax.org\archivo\fotos\2000\roc0150.jpg --> ftp.agax.org /html/archivo/fotos/2000 roc0150.jpg
2006.10.19 11:22 B C:\Ajedrez\agax.org\archivo\fotos\2000\roc0150_small.jpg --> ftp.agax.org /html/archivo/fotos/2000 roc0150_small.jpg
2006.10.19 11:22 B C:\Ajedrez\agax.org\archivo\fotos\2000\Thumbs.db --> ftp.agax.org /html/archivo/fotos/2000 Thumbs.db
