2005.02.20 21:13 B C:\Ajedrez\agax.org\archivo\fotos\2005\imag2005.htm --> ftp.agax.org /www/archivo/fotos/2005 imag2005.htm
2005.02.20 21:13 B C:\Ajedrez\agax.org\archivo\fotos\2005\liga05.jpg --> ftp.agax.org /www/archivo/fotos/2005 liga05.jpg
2005.02.20 21:13 B C:\Ajedrez\agax.org\archivo\fotos\2005\liga05_small.jpg --> ftp.agax.org /www/archivo/fotos/2005 liga05_small.jpg
2005.02.20 21:13 B C:\Ajedrez\agax.org\archivo\fotos\2005\liga05a.jpg --> ftp.agax.org /www/archivo/fotos/2005 liga05a.jpg
2005.02.20 21:13 B C:\Ajedrez\agax.org\archivo\fotos\2005\liga05a_small.jpg --> ftp.agax.org /www/archivo/fotos/2005 liga05a_small.jpg
2005.02.20 21:13 B C:\Ajedrez\agax.org\archivo\fotos\2005\marat05a.jpg --> ftp.agax.org /www/archivo/fotos/2005 marat05a.jpg
2005.02.20 21:13 B C:\Ajedrez\agax.org\archivo\fotos\2005\marat05a_small.jpg --> ftp.agax.org /www/archivo/fotos/2005 marat05a_small.jpg
2005.02.20 21:13 B C:\Ajedrez\agax.org\archivo\fotos\2005\novo05.jpg --> ftp.agax.org /www/archivo/fotos/2005 novo05.jpg
2005.02.20 21:13 B C:\Ajedrez\agax.org\archivo\fotos\2005\novo05_small.jpg --> ftp.agax.org /www/archivo/fotos/2005 novo05_small.jpg
2005.02.20 21:26 B C:\Ajedrez\agax.org\archivo\fotos\2005\imag2005.htm --> ftp.agax.org /www/archivo/fotos/2005 imag2005.htm
2005.02.20 21:26 B C:\Ajedrez\agax.org\archivo\fotos\2005\imag2005.htm --> ftp.agax.org /www/archivo/fotos/2005 imag2005.htm
2005.04.26 20:29 B C:\Ajedrez\agax.org\archivo\fotos\2005\imag2005.htm --> ftp.agax.org /www/archivo/fotos/2005 imag2005.htm
2005.04.26 20:29 B C:\Ajedrez\agax.org\archivo\fotos\2005\rljspzsdom_small.jpg --> ftp.agax.org /www/archivo/fotos/2005 rljspzsdom_small.jpg
2005.04.26 20:29 B C:\Ajedrez\agax.org\archivo\fotos\2005\rljspzsdom.jpg --> ftp.agax.org /www/archivo/fotos/2005 rljspzsdom.jpg
2005.08.11 16:47 B C:\Ajedrez\agax.org\archivo\fotos\2005\dcc05.jpg --> ftp.agax.org /www/archivo/fotos/2005 dcc05.jpg
2005.08.11 16:47 B C:\Ajedrez\agax.org\archivo\fotos\2005\dcc05_small.JPG --> ftp.agax.org /www/archivo/fotos/2005 dcc05_small.JPG
2005.08.11 16:47 B C:\Ajedrez\agax.org\archivo\fotos\2005\imag2005.htm --> ftp.agax.org /www/archivo/fotos/2005 imag2005.htm
2005.08.11 16:47 B C:\Ajedrez\agax.org\archivo\fotos\2005\liga05.jpg --> ftp.agax.org /www/archivo/fotos/2005 liga05.jpg
2005.08.11 16:47 B C:\Ajedrez\agax.org\archivo\fotos\2005\liga05_small.jpg --> ftp.agax.org /www/archivo/fotos/2005 liga05_small.jpg
2005.08.11 16:47 B C:\Ajedrez\agax.org\archivo\fotos\2005\liga05a.jpg --> ftp.agax.org /www/archivo/fotos/2005 liga05a.jpg
2005.08.11 16:47 B C:\Ajedrez\agax.org\archivo\fotos\2005\liga05a_small.jpg --> ftp.agax.org /www/archivo/fotos/2005 liga05a_small.jpg
2005.08.11 16:47 B C:\Ajedrez\agax.org\archivo\fotos\2005\marat05a.jpg --> ftp.agax.org /www/archivo/fotos/2005 marat05a.jpg
2005.08.11 16:47 B C:\Ajedrez\agax.org\archivo\fotos\2005\marat05a_small.jpg --> ftp.agax.org /www/archivo/fotos/2005 marat05a_small.jpg
2005.08.11 16:47 B C:\Ajedrez\agax.org\archivo\fotos\2005\novo05.jpg --> ftp.agax.org /www/archivo/fotos/2005 novo05.jpg
2005.08.11 16:47 B C:\Ajedrez\agax.org\archivo\fotos\2005\novo05_small.jpg --> ftp.agax.org /www/archivo/fotos/2005 novo05_small.jpg
2005.08.11 16:47 B C:\Ajedrez\agax.org\archivo\fotos\2005\rljspzsdom.jpg --> ftp.agax.org /www/archivo/fotos/2005 rljspzsdom.jpg
2005.08.11 16:47 B C:\Ajedrez\agax.org\archivo\fotos\2005\rljspzsdom_small.jpg --> ftp.agax.org /www/archivo/fotos/2005 rljspzsdom_small.jpg
2005.08.11 16:47 B C:\Ajedrez\agax.org\archivo\fotos\2005\univ05.jpg --> ftp.agax.org /www/archivo/fotos/2005 univ05.jpg
2005.08.11 16:47 B C:\Ajedrez\agax.org\archivo\fotos\2005\univ05_small.jpg --> ftp.agax.org /www/archivo/fotos/2005 univ05_small.jpg
2005.08.11 16:54 B C:\Ajedrez\agax.org\archivo\fotos\2005\dcc05.jpg --> ftp.agax.org /www/archivo/fotos/2005 dcc05.jpg
2005.08.11 16:54 B C:\Ajedrez\agax.org\archivo\fotos\2005\dcc05_small.jpg --> ftp.agax.org /www/archivo/fotos/2005 dcc05_small.jpg
2005.08.11 16:54 B C:\Ajedrez\agax.org\archivo\fotos\2005\imag2005.htm --> ftp.agax.org /www/archivo/fotos/2005 imag2005.htm
2005.08.11 16:54 B C:\Ajedrez\agax.org\archivo\fotos\2005\liga05.jpg --> ftp.agax.org /www/archivo/fotos/2005 liga05.jpg
2005.08.11 16:54 B C:\Ajedrez\agax.org\archivo\fotos\2005\liga05_small.jpg --> ftp.agax.org /www/archivo/fotos/2005 liga05_small.jpg
2005.08.11 16:54 B C:\Ajedrez\agax.org\archivo\fotos\2005\liga05a.jpg --> ftp.agax.org /www/archivo/fotos/2005 liga05a.jpg
2005.08.11 16:54 B C:\Ajedrez\agax.org\archivo\fotos\2005\liga05a_small.jpg --> ftp.agax.org /www/archivo/fotos/2005 liga05a_small.jpg
2005.08.11 16:54 B C:\Ajedrez\agax.org\archivo\fotos\2005\marat05a.jpg --> ftp.agax.org /www/archivo/fotos/2005 marat05a.jpg
2005.08.11 16:54 B C:\Ajedrez\agax.org\archivo\fotos\2005\marat05a_small.jpg --> ftp.agax.org /www/archivo/fotos/2005 marat05a_small.jpg
2005.08.11 16:54 B C:\Ajedrez\agax.org\archivo\fotos\2005\novo05.jpg --> ftp.agax.org /www/archivo/fotos/2005 novo05.jpg
2005.08.11 16:54 B C:\Ajedrez\agax.org\archivo\fotos\2005\novo05_small.jpg --> ftp.agax.org /www/archivo/fotos/2005 novo05_small.jpg
2005.08.11 16:54 B C:\Ajedrez\agax.org\archivo\fotos\2005\rljspzsdom.jpg --> ftp.agax.org /www/archivo/fotos/2005 rljspzsdom.jpg
2005.08.11 16:54 B C:\Ajedrez\agax.org\archivo\fotos\2005\rljspzsdom_small.jpg --> ftp.agax.org /www/archivo/fotos/2005 rljspzsdom_small.jpg
2005.08.11 16:54 B C:\Ajedrez\agax.org\archivo\fotos\2005\univ05.jpg --> ftp.agax.org /www/archivo/fotos/2005 univ05.jpg
2005.08.11 16:54 B C:\Ajedrez\agax.org\archivo\fotos\2005\univ05_small.jpg --> ftp.agax.org /www/archivo/fotos/2005 univ05_small.jpg
2005.08.11 16:54 B C:\Ajedrez\agax.org\archivo\fotos\2005\dcc05_small.jpg --> ftp.agax.org /www/archivo/fotos/2005 dcc05_small.jpg
2005.08.11 16:55 B C:\Ajedrez\agax.org\archivo\fotos\2005\imag2005.htm --> ftp.agax.org /www/archivo/fotos/2005 imag2005.htm
2005.12.29 13:11 B C:\Ajedrez\agax.org\archivo\fotos\2005\artxout05.jpg --> ftp.agax.net /html/archivo/fotos/2005 artxout05.jpg
2005.12.29 13:11 B C:\Ajedrez\agax.org\archivo\fotos\2005\artxout05_small.jpg --> ftp.agax.net /html/archivo/fotos/2005 artxout05_small.jpg
2005.12.29 13:11 B C:\Ajedrez\agax.org\archivo\fotos\2005\imag2005.htm --> ftp.agax.net /html/archivo/fotos/2005 imag2005.htm
2006.01.01 19:59 B C:\Ajedrez\agax.org\archivo\fotos\2005\cscss05.jpg --> ftp.agax.net /html/archivo/fotos/2005 cscss05.jpg
2006.01.01 19:59 B C:\Ajedrez\agax.org\archivo\fotos\2005\imag2005.htm --> ftp.agax.net /html/archivo/fotos/2005 imag2005.htm
2006.01.01 20:01 B C:\Ajedrez\agax.org\archivo\fotos\2005\tccext2005.wmv --> ftp.agax.net /html/archivo/fotos/2005 tccext2005.wmv
2006.01.26 18:37 B C:\Ajedrez\agax.org\archivo\fotos\2005\imag2005.htm --> ftp.agax.net /html/archivo/fotos/2005 imag2005.htm
2006.01.26 18:37 B C:\Ajedrez\agax.org\archivo\fotos\2005\jesuscampeon.jpg --> ftp.agax.net /html/archivo/fotos/2005 jesuscampeon.jpg
2006.01.26 18:37 B C:\Ajedrez\agax.org\archivo\fotos\2005\jesuscampeon_small.jpg --> ftp.agax.net /html/archivo/fotos/2005 jesuscampeon_small.jpg
2006.02.26 17:58 B C:\Ajedrez\agax.org\archivo\fotos\2005\imag2005.htm --> ftp.agax.net /html/archivo/fotos/2005 imag2005.htm
2006.02.26 17:58 B C:\Ajedrez\agax.org\archivo\fotos\2005\lout05.jpg --> ftp.agax.net /html/archivo/fotos/2005 lout05.jpg
2006.02.26 17:58 B C:\Ajedrez\agax.org\archivo\fotos\2005\lout05_small.jpg --> ftp.agax.net /html/archivo/fotos/2005 lout05_small.jpg
2006.02.26 18:00 B C:\Ajedrez\agax.org\archivo\fotos\2005\sub142005.wmv --> ftp.agax.net /html/archivo/fotos/2005 sub142005.wmv
2006.02.26 18:00 B C:\Ajedrez\agax.org\archivo\fotos\2005\sub14jug05_small.jpg --> ftp.agax.net /html/archivo/fotos/2005 sub14jug05_small.jpg
2006.10.19 11:25 B C:\Ajedrez\agax.org\archivo\fotos\2005\artxout05.jpg --> ftp.agax.org /html/archivo/fotos/2005 artxout05.jpg
2006.10.19 11:25 B C:\Ajedrez\agax.org\archivo\fotos\2005\artxout05_small.jpg --> ftp.agax.org /html/archivo/fotos/2005 artxout05_small.jpg
2006.10.19 11:25 B C:\Ajedrez\agax.org\archivo\fotos\2005\cscss05.jpg --> ftp.agax.org /html/archivo/fotos/2005 cscss05.jpg
2006.10.19 11:25 B C:\Ajedrez\agax.org\archivo\fotos\2005\dcc05.jpg --> ftp.agax.org /html/archivo/fotos/2005 dcc05.jpg
2006.10.19 11:25 B C:\Ajedrez\agax.org\archivo\fotos\2005\dcc05_small.jpg --> ftp.agax.org /html/archivo/fotos/2005 dcc05_small.jpg
2006.10.19 11:25 B C:\Ajedrez\agax.org\archivo\fotos\2005\imag2005.htm --> ftp.agax.org /html/archivo/fotos/2005 imag2005.htm
2006.10.19 11:25 B C:\Ajedrez\agax.org\archivo\fotos\2005\jesuscampeon.jpg --> ftp.agax.org /html/archivo/fotos/2005 jesuscampeon.jpg
2006.10.19 11:25 B C:\Ajedrez\agax.org\archivo\fotos\2005\jesuscampeon_small.jpg --> ftp.agax.org /html/archivo/fotos/2005 jesuscampeon_small.jpg
2006.10.19 11:25 B C:\Ajedrez\agax.org\archivo\fotos\2005\liga05.jpg --> ftp.agax.org /html/archivo/fotos/2005 liga05.jpg
2006.10.19 11:25 B C:\Ajedrez\agax.org\archivo\fotos\2005\liga05_small.jpg --> ftp.agax.org /html/archivo/fotos/2005 liga05_small.jpg
2006.10.19 11:25 B C:\Ajedrez\agax.org\archivo\fotos\2005\liga05a.jpg --> ftp.agax.org /html/archivo/fotos/2005 liga05a.jpg
2006.10.19 11:25 B C:\Ajedrez\agax.org\archivo\fotos\2005\liga05a_small.jpg --> ftp.agax.org /html/archivo/fotos/2005 liga05a_small.jpg
2006.10.19 11:25 B C:\Ajedrez\agax.org\archivo\fotos\2005\lout05.jpg --> ftp.agax.org /html/archivo/fotos/2005 lout05.jpg
2006.10.19 11:25 B C:\Ajedrez\agax.org\archivo\fotos\2005\lout05_small.jpg --> ftp.agax.org /html/archivo/fotos/2005 lout05_small.jpg
2006.10.19 11:25 B C:\Ajedrez\agax.org\archivo\fotos\2005\marat05a.jpg --> ftp.agax.org /html/archivo/fotos/2005 marat05a.jpg
2006.10.19 11:25 B C:\Ajedrez\agax.org\archivo\fotos\2005\marat05a_small.jpg --> ftp.agax.org /html/archivo/fotos/2005 marat05a_small.jpg
2006.10.19 11:25 B C:\Ajedrez\agax.org\archivo\fotos\2005\novo05.jpg --> ftp.agax.org /html/archivo/fotos/2005 novo05.jpg
2006.10.19 11:25 B C:\Ajedrez\agax.org\archivo\fotos\2005\novo05_small.jpg --> ftp.agax.org /html/archivo/fotos/2005 novo05_small.jpg
2006.10.19 11:25 B C:\Ajedrez\agax.org\archivo\fotos\2005\rljspzsdom.jpg --> ftp.agax.org /html/archivo/fotos/2005 rljspzsdom.jpg
2006.10.19 11:25 B C:\Ajedrez\agax.org\archivo\fotos\2005\rljspzsdom_small.jpg --> ftp.agax.org /html/archivo/fotos/2005 rljspzsdom_small.jpg
2006.10.19 11:27 B C:\Ajedrez\agax.org\archivo\fotos\2005\sub142005.wmv --> ftp.agax.org /html/archivo/fotos/2005 sub142005.wmv
2006.10.19 11:27 B C:\Ajedrez\agax.org\archivo\fotos\2005\sub14jug05_small.jpg --> ftp.agax.org /html/archivo/fotos/2005 sub14jug05_small.jpg
2006.10.19 11:29 B C:\Ajedrez\agax.org\archivo\fotos\2005\tccext2005.wmv --> ftp.agax.org /html/archivo/fotos/2005 tccext2005.wmv
2006.10.19 11:29 B C:\Ajedrez\agax.org\archivo\fotos\2005\Thumbs.db --> ftp.agax.org /html/archivo/fotos/2005 Thumbs.db
2006.10.19 11:29 B C:\Ajedrez\agax.org\archivo\fotos\2005\univ05.jpg --> ftp.agax.org /html/archivo/fotos/2005 univ05.jpg
2006.10.19 11:29 B C:\Ajedrez\agax.org\archivo\fotos\2005\univ05_small.jpg --> ftp.agax.org /html/archivo/fotos/2005 univ05_small.jpg
