2006.01.26 18:38 B C:\Ajedrez\agax.org\archivo\fotos\2006\damas062.jpg --> ftp.agax.net /html/archivo/fotos/2006 damas062.jpg
2006.01.26 18:38 B C:\Ajedrez\agax.org\archivo\fotos\2006\damas062_small.jpg --> ftp.agax.net /html/archivo/fotos/2006 damas062_small.jpg
2006.01.26 18:38 B C:\Ajedrez\agax.org\archivo\fotos\2006\damas064.jpg --> ftp.agax.net /html/archivo/fotos/2006 damas064.jpg
2006.01.26 18:38 B C:\Ajedrez\agax.org\archivo\fotos\2006\damas064_small.jpg --> ftp.agax.net /html/archivo/fotos/2006 damas064_small.jpg
2006.01.26 18:38 B C:\Ajedrez\agax.org\archivo\fotos\2006\imag2006.htm --> ftp.agax.net /html/archivo/fotos/2006 imag2006.htm
2006.01.26 18:40 B C:\Ajedrez\agax.org\archivo\fotos\2006\imag2006.htm --> ftp.agax.net /html/archivo/fotos/2006 imag2006.htm
2006.01.26 18:40 B C:\Ajedrez\agax.org\archivo\fotos\2006\damas062.jpg --> ftp.agax.net /html/archivo/fotos/2006 damas062.jpg
2006.01.26 18:40 B C:\Ajedrez\agax.org\archivo\fotos\2006\damas064.jpg --> ftp.agax.net /html/archivo/fotos/2006 damas064.jpg
2006.01.26 18:41 B C:\Ajedrez\agax.org\archivo\fotos\2006\damas062.jpg --> ftp.agax.net /html/archivo/fotos/2006 damas062.jpg
2006.01.26 18:41 B C:\Ajedrez\agax.org\archivo\fotos\2006\damas062_small.jpg --> ftp.agax.net /html/archivo/fotos/2006 damas062_small.jpg
2006.01.26 18:41 B C:\Ajedrez\agax.org\archivo\fotos\2006\damas064.jpg --> ftp.agax.net /html/archivo/fotos/2006 damas064.jpg
2006.01.26 18:41 B C:\Ajedrez\agax.org\archivo\fotos\2006\damas064_small.jpg --> ftp.agax.net /html/archivo/fotos/2006 damas064_small.jpg
2006.01.26 18:41 B C:\Ajedrez\agax.org\archivo\fotos\2006\imag2006.htm --> ftp.agax.net /html/archivo/fotos/2006 imag2006.htm
2006.01.26 18:43 B C:\Ajedrez\agax.org\archivo\fotos\2006\damas062.jpg --> ftp.agax.net /html/archivo/fotos/2006 damas062.jpg
2006.01.26 18:43 B C:\Ajedrez\agax.org\archivo\fotos\2006\damas062_small.jpg --> ftp.agax.net /html/archivo/fotos/2006 damas062_small.jpg
2006.01.26 18:43 B C:\Ajedrez\agax.org\archivo\fotos\2006\damas064.jpg --> ftp.agax.net /html/archivo/fotos/2006 damas064.jpg
2006.01.26 18:43 B C:\Ajedrez\agax.org\archivo\fotos\2006\damas064_small.jpg --> ftp.agax.net /html/archivo/fotos/2006 damas064_small.jpg
2006.01.26 18:43 B C:\Ajedrez\agax.org\archivo\fotos\2006\imag2006.htm --> ftp.agax.net /html/archivo/fotos/2006 imag2006.htm
2006.01.26 18:43 B C:\Ajedrez\agax.org\archivo\fotos\2006\WS_FTP.LOG --> ftp.agax.net /html/archivo/fotos/2006 WS_FTP.LOG
2006.01.26 18:44 B C:\Ajedrez\agax.org\archivo\fotos\2006\damas062.jpg --> ftp.agax.net /html/archivo/fotos/2006 damas062.jpg
2006.01.26 18:44 B C:\Ajedrez\agax.org\archivo\fotos\2006\damas062_small.jpg --> ftp.agax.net /html/archivo/fotos/2006 damas062_small.jpg
2006.01.26 18:44 B C:\Ajedrez\agax.org\archivo\fotos\2006\damas064.jpg --> ftp.agax.net /html/archivo/fotos/2006 damas064.jpg
2006.01.26 18:44 B C:\Ajedrez\agax.org\archivo\fotos\2006\damas064_small.jpg --> ftp.agax.net /html/archivo/fotos/2006 damas064_small.jpg
2006.01.26 18:44 B C:\Ajedrez\agax.org\archivo\fotos\2006\imag2006.htm --> ftp.agax.net /html/archivo/fotos/2006 imag2006.htm
2006.01.26 18:45 B C:\Ajedrez\agax.org\archivo\fotos\2006\imag2006.htm --> ftp.agax.net /html/archivo/fotos/2006 imag2006.htm
2006.01.26 18:47 B C:\Ajedrez\agax.org\archivo\fotos\2006\imag2006.htm --> ftp.agax.net /html/archivo/fotos/2006 imag2006.htm
2006.01.26 18:47 B C:\Ajedrez\agax.org\archivo\fotos\2006\damas062.jpg --> ftp.agax.net /html/archivo/fotos/2006 damas062.jpg
2006.01.26 18:47 B C:\Ajedrez\agax.org\archivo\fotos\2006\damas062_small.jpg --> ftp.agax.net /html/archivo/fotos/2006 damas062_small.jpg
2006.01.26 18:47 B C:\Ajedrez\agax.org\archivo\fotos\2006\damas064.jpg --> ftp.agax.net /html/archivo/fotos/2006 damas064.jpg
2006.01.26 18:47 B C:\Ajedrez\agax.org\archivo\fotos\2006\damas064_small.jpg --> ftp.agax.net /html/archivo/fotos/2006 damas064_small.jpg
2006.01.26 18:50 B C:\Ajedrez\agax.org\archivo\fotos\2006\damas062.jpg --> ftp.agax.net /html/archivo/fotos/2006 damas062.jpg
2006.01.26 18:50 B C:\Ajedrez\agax.org\archivo\fotos\2006\damas062_small.jpg --> ftp.agax.net /html/archivo/fotos/2006 damas062_small.jpg
2006.01.26 18:50 B C:\Ajedrez\agax.org\archivo\fotos\2006\damas064.jpg --> ftp.agax.net /html/archivo/fotos/2006 damas064.jpg
2006.01.26 18:50 B C:\Ajedrez\agax.org\archivo\fotos\2006\damas064_small.jpg --> ftp.agax.net /html/archivo/fotos/2006 damas064_small.jpg
2006.01.26 18:50 B C:\Ajedrez\agax.org\archivo\fotos\2006\imag2006.htm --> ftp.agax.net /html/archivo/fotos/2006 imag2006.htm
2006.01.26 18:51 B C:\Ajedrez\agax.org\archivo\fotos\2006\imag2006.htm --> ftp.agax.net /html/archivo/fotos/2006 imag2006.htm
2006.04.06 17:37 B C:\Ajedrez\agax.org\archivo\fotos\2006\imag2006.htm --> ftp.agax.net /html/archivo/fotos/2006 imag2006.htm
2006.04.06 17:37 B C:\Ajedrez\agax.org\archivo\fotos\2006\tbromadera.jpg --> ftp.agax.net /html/archivo/fotos/2006 tbromadera.jpg
2006.04.06 17:37 B C:\Ajedrez\agax.org\archivo\fotos\2006\tbromadera_small.jpg --> ftp.agax.net /html/archivo/fotos/2006 tbromadera_small.jpg
2006.04.06 17:37 B C:\Ajedrez\agax.org\archivo\fotos\2006\tmgco06go.jpg --> ftp.agax.net /html/archivo/fotos/2006 tmgco06go.jpg
2006.04.06 17:37 B C:\Ajedrez\agax.org\archivo\fotos\2006\tmgco06go_small.jpg --> ftp.agax.net /html/archivo/fotos/2006 tmgco06go_small.jpg
2006.10.19 11:29 B C:\Ajedrez\agax.org\archivo\fotos\2006\damas062.jpg --> ftp.agax.org /html/archivo/fotos/2006 damas062.jpg
2006.10.19 11:29 B C:\Ajedrez\agax.org\archivo\fotos\2006\damas062_small.jpg --> ftp.agax.org /html/archivo/fotos/2006 damas062_small.jpg
2006.10.19 11:29 B C:\Ajedrez\agax.org\archivo\fotos\2006\damas064.jpg --> ftp.agax.org /html/archivo/fotos/2006 damas064.jpg
2006.10.19 11:29 B C:\Ajedrez\agax.org\archivo\fotos\2006\damas064_small.jpg --> ftp.agax.org /html/archivo/fotos/2006 damas064_small.jpg
2006.10.19 11:29 B C:\Ajedrez\agax.org\archivo\fotos\2006\imag2006.htm --> ftp.agax.org /html/archivo/fotos/2006 imag2006.htm
2006.10.19 11:29 B C:\Ajedrez\agax.org\archivo\fotos\2006\tbromadera.jpg --> ftp.agax.org /html/archivo/fotos/2006 tbromadera.jpg
2006.10.19 11:29 B C:\Ajedrez\agax.org\archivo\fotos\2006\tbromadera_small.jpg --> ftp.agax.org /html/archivo/fotos/2006 tbromadera_small.jpg
2006.10.19 11:29 B C:\Ajedrez\agax.org\archivo\fotos\2006\Thumbs.db --> ftp.agax.org /html/archivo/fotos/2006 Thumbs.db
2006.10.19 11:29 B C:\Ajedrez\agax.org\archivo\fotos\2006\tmgco06go.jpg --> ftp.agax.org /html/archivo/fotos/2006 tmgco06go.jpg
2006.10.19 11:29 B C:\Ajedrez\agax.org\archivo\fotos\2006\tmgco06go_small.jpg --> ftp.agax.org /html/archivo/fotos/2006 tmgco06go_small.jpg
