2005.02.20 21:09 B C:\Ajedrez\agax.org\archivo\fotos\2002\2002-12.jpg --> ftp.agax.org /www/archivo/fotos/2002 2002-12.jpg
2005.02.20 21:09 B C:\Ajedrez\agax.org\archivo\fotos\2002\2002-12_small.jpg --> ftp.agax.org /www/archivo/fotos/2002 2002-12_small.jpg
2005.02.20 21:09 B C:\Ajedrez\agax.org\archivo\fotos\2002\2002-14.jpg --> ftp.agax.org /www/archivo/fotos/2002 2002-14.jpg
2005.02.20 21:09 B C:\Ajedrez\agax.org\archivo\fotos\2002\2002-14_small.jpg --> ftp.agax.org /www/archivo/fotos/2002 2002-14_small.jpg
2005.02.20 21:09 B C:\Ajedrez\agax.org\archivo\fotos\2002\2002-15.jpg --> ftp.agax.org /www/archivo/fotos/2002 2002-15.jpg
2005.02.20 21:09 B C:\Ajedrez\agax.org\archivo\fotos\2002\2002-15_small.jpg --> ftp.agax.org /www/archivo/fotos/2002 2002-15_small.jpg
2005.02.20 21:09 B C:\Ajedrez\agax.org\archivo\fotos\2002\2002-17.jpg --> ftp.agax.org /www/archivo/fotos/2002 2002-17.jpg
2005.02.20 21:09 B C:\Ajedrez\agax.org\archivo\fotos\2002\2002-17_small.jpg --> ftp.agax.org /www/archivo/fotos/2002 2002-17_small.jpg
2005.02.20 21:09 B C:\Ajedrez\agax.org\archivo\fotos\2002\2002-17_small1.jpg --> ftp.agax.org /www/archivo/fotos/2002 2002-17_small1.jpg
2005.02.20 21:09 B C:\Ajedrez\agax.org\archivo\fotos\2002\2002-21.jpg --> ftp.agax.org /www/archivo/fotos/2002 2002-21.jpg
2005.02.20 21:09 B C:\Ajedrez\agax.org\archivo\fotos\2002\2002-21_small.jpg --> ftp.agax.org /www/archivo/fotos/2002 2002-21_small.jpg
2005.02.20 21:09 B C:\Ajedrez\agax.org\archivo\fotos\2002\2002-24.jpg --> ftp.agax.org /www/archivo/fotos/2002 2002-24.jpg
2005.02.20 21:09 B C:\Ajedrez\agax.org\archivo\fotos\2002\2002-24_small.jpg --> ftp.agax.org /www/archivo/fotos/2002 2002-24_small.jpg
2005.02.20 21:09 B C:\Ajedrez\agax.org\archivo\fotos\2002\brigreforma.jpg --> ftp.agax.org /www/archivo/fotos/2002 brigreforma.jpg
2005.02.20 21:09 B C:\Ajedrez\agax.org\archivo\fotos\2002\brigreforma_small.jpg --> ftp.agax.org /www/archivo/fotos/2002 brigreforma_small.jpg
2005.02.20 21:09 B C:\Ajedrez\agax.org\archivo\fotos\2002\dci0040.jpg --> ftp.agax.org /www/archivo/fotos/2002 dci0040.jpg
2005.02.20 21:09 B C:\Ajedrez\agax.org\archivo\fotos\2002\dci0040_small.jpg --> ftp.agax.org /www/archivo/fotos/2002 dci0040_small.jpg
2005.02.20 21:09 B C:\Ajedrez\agax.org\archivo\fotos\2002\dci0050.jpg --> ftp.agax.org /www/archivo/fotos/2002 dci0050.jpg
2005.02.20 21:09 B C:\Ajedrez\agax.org\archivo\fotos\2002\dci0050_small.jpg --> ftp.agax.org /www/archivo/fotos/2002 dci0050_small.jpg
2005.02.20 21:10 B C:\Ajedrez\agax.org\archivo\fotos\2002\dci0070.jpg --> ftp.agax.org /www/archivo/fotos/2002 dci0070.jpg
2005.02.20 21:10 B C:\Ajedrez\agax.org\archivo\fotos\2002\dci0070_small.jpg --> ftp.agax.org /www/archivo/fotos/2002 dci0070_small.jpg
2005.02.20 21:10 B C:\Ajedrez\agax.org\archivo\fotos\2002\dci0170.jpg --> ftp.agax.org /www/archivo/fotos/2002 dci0170.jpg
2005.02.20 21:10 B C:\Ajedrez\agax.org\archivo\fotos\2002\dci0170_small.jpg --> ftp.agax.org /www/archivo/fotos/2002 dci0170_small.jpg
2005.02.20 21:10 B C:\Ajedrez\agax.org\archivo\fotos\2002\javier_mazaira1_small.jpg --> ftp.agax.org /www/archivo/fotos/2002 javier_mazaira1_small.jpg
2005.02.20 21:10 B C:\Ajedrez\agax.org\archivo\fotos\2002\javier_mazaira1_small1.jpg --> ftp.agax.org /www/archivo/fotos/2002 javier_mazaira1_small1.jpg
2005.02.20 21:10 B C:\Ajedrez\agax.org\archivo\fotos\2002\javier_mazaira1_small2.jpg --> ftp.agax.org /www/archivo/fotos/2002 javier_mazaira1_small2.jpg
2005.02.20 21:10 B C:\Ajedrez\agax.org\archivo\fotos\2002\mag2002.htm --> ftp.agax.org /www/archivo/fotos/2002 mag2002.htm
2006.10.19 11:24 B C:\Ajedrez\agax.org\archivo\fotos\2002\2002-12.jpg --> ftp.agax.org /html/archivo/fotos/2002 2002-12.jpg
2006.10.19 11:24 B C:\Ajedrez\agax.org\archivo\fotos\2002\2002-12_small.jpg --> ftp.agax.org /html/archivo/fotos/2002 2002-12_small.jpg
2006.10.19 11:24 B C:\Ajedrez\agax.org\archivo\fotos\2002\2002-14.jpg --> ftp.agax.org /html/archivo/fotos/2002 2002-14.jpg
2006.10.19 11:24 B C:\Ajedrez\agax.org\archivo\fotos\2002\2002-14_small.jpg --> ftp.agax.org /html/archivo/fotos/2002 2002-14_small.jpg
2006.10.19 11:24 B C:\Ajedrez\agax.org\archivo\fotos\2002\2002-15.jpg --> ftp.agax.org /html/archivo/fotos/2002 2002-15.jpg
2006.10.19 11:24 B C:\Ajedrez\agax.org\archivo\fotos\2002\2002-15_small.jpg --> ftp.agax.org /html/archivo/fotos/2002 2002-15_small.jpg
2006.10.19 11:24 B C:\Ajedrez\agax.org\archivo\fotos\2002\2002-17.jpg --> ftp.agax.org /html/archivo/fotos/2002 2002-17.jpg
2006.10.19 11:24 B C:\Ajedrez\agax.org\archivo\fotos\2002\2002-17_small.jpg --> ftp.agax.org /html/archivo/fotos/2002 2002-17_small.jpg
2006.10.19 11:24 B C:\Ajedrez\agax.org\archivo\fotos\2002\2002-17_small1.jpg --> ftp.agax.org /html/archivo/fotos/2002 2002-17_small1.jpg
2006.10.19 11:24 B C:\Ajedrez\agax.org\archivo\fotos\2002\2002-21.jpg --> ftp.agax.org /html/archivo/fotos/2002 2002-21.jpg
2006.10.19 11:24 B C:\Ajedrez\agax.org\archivo\fotos\2002\2002-21_small.jpg --> ftp.agax.org /html/archivo/fotos/2002 2002-21_small.jpg
2006.10.19 11:24 B C:\Ajedrez\agax.org\archivo\fotos\2002\2002-24.jpg --> ftp.agax.org /html/archivo/fotos/2002 2002-24.jpg
2006.10.19 11:24 B C:\Ajedrez\agax.org\archivo\fotos\2002\2002-24_small.jpg --> ftp.agax.org /html/archivo/fotos/2002 2002-24_small.jpg
2006.10.19 11:24 B C:\Ajedrez\agax.org\archivo\fotos\2002\brigreforma.jpg --> ftp.agax.org /html/archivo/fotos/2002 brigreforma.jpg
2006.10.19 11:24 B C:\Ajedrez\agax.org\archivo\fotos\2002\brigreforma_small.jpg --> ftp.agax.org /html/archivo/fotos/2002 brigreforma_small.jpg
2006.10.19 11:24 B C:\Ajedrez\agax.org\archivo\fotos\2002\dci0040.jpg --> ftp.agax.org /html/archivo/fotos/2002 dci0040.jpg
2006.10.19 11:24 B C:\Ajedrez\agax.org\archivo\fotos\2002\dci0040_small.jpg --> ftp.agax.org /html/archivo/fotos/2002 dci0040_small.jpg
2006.10.19 11:24 B C:\Ajedrez\agax.org\archivo\fotos\2002\dci0050.jpg --> ftp.agax.org /html/archivo/fotos/2002 dci0050.jpg
2006.10.19 11:24 B C:\Ajedrez\agax.org\archivo\fotos\2002\dci0050_small.jpg --> ftp.agax.org /html/archivo/fotos/2002 dci0050_small.jpg
2006.10.19 11:24 B C:\Ajedrez\agax.org\archivo\fotos\2002\dci0070.jpg --> ftp.agax.org /html/archivo/fotos/2002 dci0070.jpg
2006.10.19 11:24 B C:\Ajedrez\agax.org\archivo\fotos\2002\dci0070_small.jpg --> ftp.agax.org /html/archivo/fotos/2002 dci0070_small.jpg
2006.10.19 11:24 B C:\Ajedrez\agax.org\archivo\fotos\2002\dci0170.jpg --> ftp.agax.org /html/archivo/fotos/2002 dci0170.jpg
2006.10.19 11:24 B C:\Ajedrez\agax.org\archivo\fotos\2002\dci0170_small.jpg --> ftp.agax.org /html/archivo/fotos/2002 dci0170_small.jpg
2006.10.19 11:24 B C:\Ajedrez\agax.org\archivo\fotos\2002\mag2002.htm --> ftp.agax.org /html/archivo/fotos/2002 mag2002.htm
2006.10.19 11:24 B C:\Ajedrez\agax.org\archivo\fotos\2002\Thumbs.db --> ftp.agax.org /html/archivo/fotos/2002 Thumbs.db
