2005.02.20 21:00 B C:\Ajedrez\agax.org\archivo\fotos\1997\aga010.jpg --> ftp.agax.org /www/archivo/fotos/1997 aga010.jpg
2005.02.20 21:00 B C:\Ajedrez\agax.org\archivo\fotos\1997\aga010_small.jpg --> ftp.agax.org /www/archivo/fotos/1997 aga010_small.jpg
2005.02.20 21:00 B C:\Ajedrez\agax.org\archivo\fotos\1997\aga020.jpg --> ftp.agax.org /www/archivo/fotos/1997 aga020.jpg
2005.02.20 21:00 B C:\Ajedrez\agax.org\archivo\fotos\1997\aga020_small.jpg --> ftp.agax.org /www/archivo/fotos/1997 aga020_small.jpg
2005.02.20 21:00 B C:\Ajedrez\agax.org\archivo\fotos\1997\aga030.jpg --> ftp.agax.org /www/archivo/fotos/1997 aga030.jpg
2005.02.20 21:00 B C:\Ajedrez\agax.org\archivo\fotos\1997\aga030_small.jpg --> ftp.agax.org /www/archivo/fotos/1997 aga030_small.jpg
2005.02.20 21:00 B C:\Ajedrez\agax.org\archivo\fotos\1997\aga080.jpg --> ftp.agax.org /www/archivo/fotos/1997 aga080.jpg
2005.02.20 21:00 B C:\Ajedrez\agax.org\archivo\fotos\1997\aga080_small.jpg --> ftp.agax.org /www/archivo/fotos/1997 aga080_small.jpg
2005.02.20 21:00 B C:\Ajedrez\agax.org\archivo\fotos\1997\dci050.jpg --> ftp.agax.org /www/archivo/fotos/1997 dci050.jpg
2005.02.20 21:00 B C:\Ajedrez\agax.org\archivo\fotos\1997\dci050_small.jpg --> ftp.agax.org /www/archivo/fotos/1997 dci050_small.jpg
2005.02.20 21:00 B C:\Ajedrez\agax.org\archivo\fotos\1997\dci060.jpg --> ftp.agax.org /www/archivo/fotos/1997 dci060.jpg
2005.02.20 21:00 B C:\Ajedrez\agax.org\archivo\fotos\1997\dci060_small.jpg --> ftp.agax.org /www/archivo/fotos/1997 dci060_small.jpg
2005.02.20 21:00 B C:\Ajedrez\agax.org\archivo\fotos\1997\int010.jpg --> ftp.agax.org /www/archivo/fotos/1997 int010.jpg
2005.02.20 21:00 B C:\Ajedrez\agax.org\archivo\fotos\1997\int010_small.jpg --> ftp.agax.org /www/archivo/fotos/1997 int010_small.jpg
2005.02.20 21:01 B C:\Ajedrez\agax.org\archivo\fotos\1997\int020.jpg --> ftp.agax.org /www/archivo/fotos/1997 int020.jpg
2005.02.20 21:01 B C:\Ajedrez\agax.org\archivo\fotos\1997\int020_small.jpg --> ftp.agax.org /www/archivo/fotos/1997 int020_small.jpg
2005.02.20 21:01 B C:\Ajedrez\agax.org\archivo\fotos\1997\mag1997.htm --> ftp.agax.org /www/archivo/fotos/1997 mag1997.htm
2005.02.20 21:01 B C:\Ajedrez\agax.org\archivo\fotos\1997\mar010.jpg --> ftp.agax.org /www/archivo/fotos/1997 mar010.jpg
2005.02.20 21:01 B C:\Ajedrez\agax.org\archivo\fotos\1997\mar010_small.jpg --> ftp.agax.org /www/archivo/fotos/1997 mar010_small.jpg
2005.02.20 21:01 B C:\Ajedrez\agax.org\archivo\fotos\1997\pri010.jpg --> ftp.agax.org /www/archivo/fotos/1997 pri010.jpg
2005.02.20 21:01 B C:\Ajedrez\agax.org\archivo\fotos\1997\pri010_small.jpg --> ftp.agax.org /www/archivo/fotos/1997 pri010_small.jpg
2005.02.20 21:01 B C:\Ajedrez\agax.org\archivo\fotos\1997\pri010_small1.jpg --> ftp.agax.org /www/archivo/fotos/1997 pri010_small1.jpg
2005.02.20 21:01 B C:\Ajedrez\agax.org\archivo\fotos\1997\pri050.jpg --> ftp.agax.org /www/archivo/fotos/1997 pri050.jpg
2005.02.20 21:01 B C:\Ajedrez\agax.org\archivo\fotos\1997\pri050_small.jpg --> ftp.agax.org /www/archivo/fotos/1997 pri050_small.jpg
2005.02.20 21:01 B C:\Ajedrez\agax.org\archivo\fotos\1997\pri120.jpg --> ftp.agax.org /www/archivo/fotos/1997 pri120.jpg
2005.02.20 21:01 B C:\Ajedrez\agax.org\archivo\fotos\1997\pri120_small.jpg --> ftp.agax.org /www/archivo/fotos/1997 pri120_small.jpg
2005.02.20 21:01 B C:\Ajedrez\agax.org\archivo\fotos\1997\tci010.jpg --> ftp.agax.org /www/archivo/fotos/1997 tci010.jpg
2005.02.20 21:01 B C:\Ajedrez\agax.org\archivo\fotos\1997\tci010_small.jpg --> ftp.agax.org /www/archivo/fotos/1997 tci010_small.jpg
2005.02.20 21:01 B C:\Ajedrez\agax.org\archivo\fotos\1997\tci030.jpg --> ftp.agax.org /www/archivo/fotos/1997 tci030.jpg
2005.02.20 21:01 B C:\Ajedrez\agax.org\archivo\fotos\1997\tci030_small.jpg --> ftp.agax.org /www/archivo/fotos/1997 tci030_small.jpg
2005.02.20 21:01 B C:\Ajedrez\agax.org\archivo\fotos\1997\tci050.jpg --> ftp.agax.org /www/archivo/fotos/1997 tci050.jpg
2005.02.20 21:01 B C:\Ajedrez\agax.org\archivo\fotos\1997\tci050_small.jpg --> ftp.agax.org /www/archivo/fotos/1997 tci050_small.jpg
2005.02.20 21:01 B C:\Ajedrez\agax.org\archivo\fotos\1997\tci060.jpg --> ftp.agax.org /www/archivo/fotos/1997 tci060.jpg
2005.02.20 21:01 B C:\Ajedrez\agax.org\archivo\fotos\1997\tci060_small.jpg --> ftp.agax.org /www/archivo/fotos/1997 tci060_small.jpg
2005.02.20 21:01 B C:\Ajedrez\agax.org\archivo\fotos\1997\tci080.jpg --> ftp.agax.org /www/archivo/fotos/1997 tci080.jpg
2005.02.20 21:01 B C:\Ajedrez\agax.org\archivo\fotos\1997\tci080_small.jpg --> ftp.agax.org /www/archivo/fotos/1997 tci080_small.jpg
2005.02.20 21:01 B C:\Ajedrez\agax.org\archivo\fotos\1997\tci090.jpg --> ftp.agax.org /www/archivo/fotos/1997 tci090.jpg
2005.02.20 21:01 B C:\Ajedrez\agax.org\archivo\fotos\1997\tci090_small.jpg --> ftp.agax.org /www/archivo/fotos/1997 tci090_small.jpg
2005.02.20 21:01 B C:\Ajedrez\agax.org\archivo\fotos\1997\tci120.jpg --> ftp.agax.org /www/archivo/fotos/1997 tci120.jpg
2005.02.20 21:01 B C:\Ajedrez\agax.org\archivo\fotos\1997\tci120_small.jpg --> ftp.agax.org /www/archivo/fotos/1997 tci120_small.jpg
2005.02.20 21:01 B C:\Ajedrez\agax.org\archivo\fotos\1997\vro020.jpg --> ftp.agax.org /www/archivo/fotos/1997 vro020.jpg
2005.02.20 21:01 B C:\Ajedrez\agax.org\archivo\fotos\1997\vro020_small.jpg --> ftp.agax.org /www/archivo/fotos/1997 vro020_small.jpg
2006.10.19 11:21 B C:\Ajedrez\agax.org\archivo\fotos\1997\aga010.jpg --> ftp.agax.org /html/archivo/fotos/1997 aga010.jpg
2006.10.19 11:21 B C:\Ajedrez\agax.org\archivo\fotos\1997\aga010_small.jpg --> ftp.agax.org /html/archivo/fotos/1997 aga010_small.jpg
2006.10.19 11:21 B C:\Ajedrez\agax.org\archivo\fotos\1997\aga020.jpg --> ftp.agax.org /html/archivo/fotos/1997 aga020.jpg
2006.10.19 11:21 B C:\Ajedrez\agax.org\archivo\fotos\1997\aga020_small.jpg --> ftp.agax.org /html/archivo/fotos/1997 aga020_small.jpg
2006.10.19 11:21 B C:\Ajedrez\agax.org\archivo\fotos\1997\aga030.jpg --> ftp.agax.org /html/archivo/fotos/1997 aga030.jpg
2006.10.19 11:21 B C:\Ajedrez\agax.org\archivo\fotos\1997\aga030_small.jpg --> ftp.agax.org /html/archivo/fotos/1997 aga030_small.jpg
2006.10.19 11:21 B C:\Ajedrez\agax.org\archivo\fotos\1997\aga080.jpg --> ftp.agax.org /html/archivo/fotos/1997 aga080.jpg
2006.10.19 11:21 B C:\Ajedrez\agax.org\archivo\fotos\1997\aga080_small.jpg --> ftp.agax.org /html/archivo/fotos/1997 aga080_small.jpg
2006.10.19 11:21 B C:\Ajedrez\agax.org\archivo\fotos\1997\dci050.jpg --> ftp.agax.org /html/archivo/fotos/1997 dci050.jpg
2006.10.19 11:21 B C:\Ajedrez\agax.org\archivo\fotos\1997\dci050_small.jpg --> ftp.agax.org /html/archivo/fotos/1997 dci050_small.jpg
2006.10.19 11:21 B C:\Ajedrez\agax.org\archivo\fotos\1997\dci060.jpg --> ftp.agax.org /html/archivo/fotos/1997 dci060.jpg
2006.10.19 11:21 B C:\Ajedrez\agax.org\archivo\fotos\1997\dci060_small.jpg --> ftp.agax.org /html/archivo/fotos/1997 dci060_small.jpg
2006.10.19 11:21 B C:\Ajedrez\agax.org\archivo\fotos\1997\int010.jpg --> ftp.agax.org /html/archivo/fotos/1997 int010.jpg
2006.10.19 11:21 B C:\Ajedrez\agax.org\archivo\fotos\1997\int010_small.jpg --> ftp.agax.org /html/archivo/fotos/1997 int010_small.jpg
2006.10.19 11:21 B C:\Ajedrez\agax.org\archivo\fotos\1997\int020.jpg --> ftp.agax.org /html/archivo/fotos/1997 int020.jpg
2006.10.19 11:21 B C:\Ajedrez\agax.org\archivo\fotos\1997\int020_small.jpg --> ftp.agax.org /html/archivo/fotos/1997 int020_small.jpg
2006.10.19 11:21 B C:\Ajedrez\agax.org\archivo\fotos\1997\mag1997.htm --> ftp.agax.org /html/archivo/fotos/1997 mag1997.htm
2006.10.19 11:21 B C:\Ajedrez\agax.org\archivo\fotos\1997\mar010.jpg --> ftp.agax.org /html/archivo/fotos/1997 mar010.jpg
2006.10.19 11:21 B C:\Ajedrez\agax.org\archivo\fotos\1997\mar010_small.jpg --> ftp.agax.org /html/archivo/fotos/1997 mar010_small.jpg
2006.10.19 11:21 B C:\Ajedrez\agax.org\archivo\fotos\1997\pri010.jpg --> ftp.agax.org /html/archivo/fotos/1997 pri010.jpg
2006.10.19 11:21 B C:\Ajedrez\agax.org\archivo\fotos\1997\pri010_small.jpg --> ftp.agax.org /html/archivo/fotos/1997 pri010_small.jpg
2006.10.19 11:21 B C:\Ajedrez\agax.org\archivo\fotos\1997\pri010_small1.jpg --> ftp.agax.org /html/archivo/fotos/1997 pri010_small1.jpg
2006.10.19 11:21 B C:\Ajedrez\agax.org\archivo\fotos\1997\pri050.jpg --> ftp.agax.org /html/archivo/fotos/1997 pri050.jpg
2006.10.19 11:21 B C:\Ajedrez\agax.org\archivo\fotos\1997\pri050_small.jpg --> ftp.agax.org /html/archivo/fotos/1997 pri050_small.jpg
2006.10.19 11:21 B C:\Ajedrez\agax.org\archivo\fotos\1997\pri120.jpg --> ftp.agax.org /html/archivo/fotos/1997 pri120.jpg
2006.10.19 11:21 B C:\Ajedrez\agax.org\archivo\fotos\1997\pri120_small.jpg --> ftp.agax.org /html/archivo/fotos/1997 pri120_small.jpg
2006.10.19 11:21 B C:\Ajedrez\agax.org\archivo\fotos\1997\tci010.jpg --> ftp.agax.org /html/archivo/fotos/1997 tci010.jpg
2006.10.19 11:21 B C:\Ajedrez\agax.org\archivo\fotos\1997\tci010_small.jpg --> ftp.agax.org /html/archivo/fotos/1997 tci010_small.jpg
2006.10.19 11:21 B C:\Ajedrez\agax.org\archivo\fotos\1997\tci030.jpg --> ftp.agax.org /html/archivo/fotos/1997 tci030.jpg
2006.10.19 11:21 B C:\Ajedrez\agax.org\archivo\fotos\1997\tci030_small.jpg --> ftp.agax.org /html/archivo/fotos/1997 tci030_small.jpg
2006.10.19 11:21 B C:\Ajedrez\agax.org\archivo\fotos\1997\tci050.jpg --> ftp.agax.org /html/archivo/fotos/1997 tci050.jpg
2006.10.19 11:21 B C:\Ajedrez\agax.org\archivo\fotos\1997\tci050_small.jpg --> ftp.agax.org /html/archivo/fotos/1997 tci050_small.jpg
2006.10.19 11:21 B C:\Ajedrez\agax.org\archivo\fotos\1997\tci060.jpg --> ftp.agax.org /html/archivo/fotos/1997 tci060.jpg
2006.10.19 11:21 B C:\Ajedrez\agax.org\archivo\fotos\1997\tci060_small.jpg --> ftp.agax.org /html/archivo/fotos/1997 tci060_small.jpg
2006.10.19 11:21 B C:\Ajedrez\agax.org\archivo\fotos\1997\tci080.jpg --> ftp.agax.org /html/archivo/fotos/1997 tci080.jpg
2006.10.19 11:22 B C:\Ajedrez\agax.org\archivo\fotos\1997\tci080_small.jpg --> ftp.agax.org /html/archivo/fotos/1997 tci080_small.jpg
2006.10.19 11:22 B C:\Ajedrez\agax.org\archivo\fotos\1997\tci090.jpg --> ftp.agax.org /html/archivo/fotos/1997 tci090.jpg
2006.10.19 11:22 B C:\Ajedrez\agax.org\archivo\fotos\1997\tci090_small.jpg --> ftp.agax.org /html/archivo/fotos/1997 tci090_small.jpg
2006.10.19 11:22 B C:\Ajedrez\agax.org\archivo\fotos\1997\tci120.jpg --> ftp.agax.org /html/archivo/fotos/1997 tci120.jpg
2006.10.19 11:22 B C:\Ajedrez\agax.org\archivo\fotos\1997\tci120_small.jpg --> ftp.agax.org /html/archivo/fotos/1997 tci120_small.jpg
2006.10.19 11:22 B C:\Ajedrez\agax.org\archivo\fotos\1997\Thumbs.db --> ftp.agax.org /html/archivo/fotos/1997 Thumbs.db
2006.10.19 11:22 B C:\Ajedrez\agax.org\archivo\fotos\1997\vro020.jpg --> ftp.agax.org /html/archivo/fotos/1997 vro020.jpg
2006.10.19 11:22 B C:\Ajedrez\agax.org\archivo\fotos\1997\vro020_small.jpg --> ftp.agax.org /html/archivo/fotos/1997 vro020_small.jpg
