2005.02.20 21:10 B C:\Ajedrez\agax.org\archivo\fotos\2003\2003-03.jpg --> ftp.agax.org /www/archivo/fotos/2003 2003-03.jpg
2005.02.20 21:10 B C:\Ajedrez\agax.org\archivo\fotos\2003\2003-03_small.jpg --> ftp.agax.org /www/archivo/fotos/2003 2003-03_small.jpg
2005.02.20 21:10 B C:\Ajedrez\agax.org\archivo\fotos\2003\2003-04.jpg --> ftp.agax.org /www/archivo/fotos/2003 2003-04.jpg
2005.02.20 21:10 B C:\Ajedrez\agax.org\archivo\fotos\2003\2003-04_small.jpg --> ftp.agax.org /www/archivo/fotos/2003 2003-04_small.jpg
2005.02.20 21:10 B C:\Ajedrez\agax.org\archivo\fotos\2003\2003-19.jpg --> ftp.agax.org /www/archivo/fotos/2003 2003-19.jpg
2005.02.20 21:10 B C:\Ajedrez\agax.org\archivo\fotos\2003\2003-19_small.jpg --> ftp.agax.org /www/archivo/fotos/2003 2003-19_small.jpg
2005.02.20 21:10 B C:\Ajedrez\agax.org\archivo\fotos\2003\biblo.jpg --> ftp.agax.org /www/archivo/fotos/2003 biblo.jpg
2005.02.20 21:10 B C:\Ajedrez\agax.org\archivo\fotos\2003\biblo_small.jpg --> ftp.agax.org /www/archivo/fotos/2003 biblo_small.jpg
2005.02.20 21:10 B C:\Ajedrez\agax.org\archivo\fotos\2003\cfteam.jpg --> ftp.agax.org /www/archivo/fotos/2003 cfteam.jpg
2005.02.20 21:10 B C:\Ajedrez\agax.org\archivo\fotos\2003\cfteam_small.jpg --> ftp.agax.org /www/archivo/fotos/2003 cfteam_small.jpg
2005.02.20 21:10 B C:\Ajedrez\agax.org\archivo\fotos\2003\clases0203.jpg --> ftp.agax.org /www/archivo/fotos/2003 clases0203.jpg
2005.02.20 21:10 B C:\Ajedrez\agax.org\archivo\fotos\2003\clases0203_small.jpg --> ftp.agax.org /www/archivo/fotos/2003 clases0203_small.jpg
2005.02.20 21:10 B C:\Ajedrez\agax.org\archivo\fotos\2003\dcc03.jpg --> ftp.agax.org /www/archivo/fotos/2003 dcc03.jpg
2005.02.20 21:11 B C:\Ajedrez\agax.org\archivo\fotos\2003\dcc031.jpg --> ftp.agax.org /www/archivo/fotos/2003 dcc031.jpg
2005.02.20 21:11 B C:\Ajedrez\agax.org\archivo\fotos\2003\dcc031_small.jpg --> ftp.agax.org /www/archivo/fotos/2003 dcc031_small.jpg
2005.02.20 21:11 B C:\Ajedrez\agax.org\archivo\fotos\2003\dcc03_small.jpg --> ftp.agax.org /www/archivo/fotos/2003 dcc03_small.jpg
2005.02.20 21:11 B C:\Ajedrez\agax.org\archivo\fotos\2003\domarte.jpg --> ftp.agax.org /www/archivo/fotos/2003 domarte.jpg
2005.02.20 21:11 B C:\Ajedrez\agax.org\archivo\fotos\2003\domarte_small.jpg --> ftp.agax.org /www/archivo/fotos/2003 domarte_small.jpg
2005.02.20 21:11 B C:\Ajedrez\agax.org\archivo\fotos\2003\domsada.jpg --> ftp.agax.org /www/archivo/fotos/2003 domsada.jpg
2005.02.20 21:11 B C:\Ajedrez\agax.org\archivo\fotos\2003\domsada2.jpg --> ftp.agax.org /www/archivo/fotos/2003 domsada2.jpg
2005.02.20 21:11 B C:\Ajedrez\agax.org\archivo\fotos\2003\domsada2_small.jpg --> ftp.agax.org /www/archivo/fotos/2003 domsada2_small.jpg
2005.02.20 21:11 B C:\Ajedrez\agax.org\archivo\fotos\2003\domsada_small.jpg --> ftp.agax.org /www/archivo/fotos/2003 domsada_small.jpg
2005.02.20 21:11 B C:\Ajedrez\agax.org\archivo\fotos\2003\luisp.jpg --> ftp.agax.org /www/archivo/fotos/2003 luisp.jpg
2005.02.20 21:11 B C:\Ajedrez\agax.org\archivo\fotos\2003\luisp_small.jpg --> ftp.agax.org /www/archivo/fotos/2003 luisp_small.jpg
2005.02.20 21:11 B C:\Ajedrez\agax.org\archivo\fotos\2003\mag2003.htm --> ftp.agax.org /www/archivo/fotos/2003 mag2003.htm
2005.02.20 21:11 B C:\Ajedrez\agax.org\archivo\fotos\2003\maraton.jpg --> ftp.agax.org /www/archivo/fotos/2003 maraton.jpg
2005.02.20 21:11 B C:\Ajedrez\agax.org\archivo\fotos\2003\maraton_small.jpg --> ftp.agax.org /www/archivo/fotos/2003 maraton_small.jpg
2005.02.20 21:11 B C:\Ajedrez\agax.org\archivo\fotos\2003\pantalla.jpg --> ftp.agax.org /www/archivo/fotos/2003 pantalla.jpg
2005.02.20 21:11 B C:\Ajedrez\agax.org\archivo\fotos\2003\pantalla_small.jpg --> ftp.agax.org /www/archivo/fotos/2003 pantalla_small.jpg
2005.02.20 21:11 B C:\Ajedrez\agax.org\archivo\fotos\2003\salajuego.jpg --> ftp.agax.org /www/archivo/fotos/2003 salajuego.jpg
2005.02.20 21:11 B C:\Ajedrez\agax.org\archivo\fotos\2003\salajuego_small.jpg --> ftp.agax.org /www/archivo/fotos/2003 salajuego_small.jpg
2005.02.20 21:11 B C:\Ajedrez\agax.org\archivo\fotos\2003\tout03.jpg --> ftp.agax.org /www/archivo/fotos/2003 tout03.jpg
2005.02.20 21:11 B C:\Ajedrez\agax.org\archivo\fotos\2003\tout03_small.jpg --> ftp.agax.org /www/archivo/fotos/2003 tout03_small.jpg
2005.02.20 21:11 B C:\Ajedrez\agax.org\archivo\fotos\2003\tsd01.jpg --> ftp.agax.org /www/archivo/fotos/2003 tsd01.jpg
2005.02.20 21:11 B C:\Ajedrez\agax.org\archivo\fotos\2003\tsd01_small.jpg --> ftp.agax.org /www/archivo/fotos/2003 tsd01_small.jpg
2005.02.20 21:11 B C:\Ajedrez\agax.org\archivo\fotos\2003\tsd02.jpg --> ftp.agax.org /www/archivo/fotos/2003 tsd02.jpg
2005.02.20 21:11 B C:\Ajedrez\agax.org\archivo\fotos\2003\tsd02_small.jpg --> ftp.agax.org /www/archivo/fotos/2003 tsd02_small.jpg
2005.04.26 20:22 B C:\Ajedrez\agax.org\archivo\fotos\2003\mag2003.htm --> ftp.agax.org /www/archivo/fotos/2003 mag2003.htm
2005.04.26 20:22 B C:\Ajedrez\agax.org\archivo\fotos\2003\vro03_small.jpg --> ftp.agax.org /www/archivo/fotos/2003 vro03_small.jpg
2005.04.26 20:22 B C:\Ajedrez\agax.org\archivo\fotos\2003\marat03a_small.jpg --> ftp.agax.org /www/archivo/fotos/2003 marat03a_small.jpg
2005.04.26 20:22 B C:\Ajedrez\agax.org\archivo\fotos\2003\marat03a.jpg --> ftp.agax.org /www/archivo/fotos/2003 marat03a.jpg
2005.04.26 20:22 B C:\Ajedrez\agax.org\archivo\fotos\2003\lout03ac_small.jpg --> ftp.agax.org /www/archivo/fotos/2003 lout03ac_small.jpg
2005.04.26 20:22 B C:\Ajedrez\agax.org\archivo\fotos\2003\lout03ac.jpg --> ftp.agax.org /www/archivo/fotos/2003 lout03ac.jpg
2005.04.26 20:22 B C:\Ajedrez\agax.org\archivo\fotos\2003\znls03_small.jpg --> ftp.agax.org /www/archivo/fotos/2003 znls03_small.jpg
2005.04.26 20:22 B C:\Ajedrez\agax.org\archivo\fotos\2003\znls03.jpg --> ftp.agax.org /www/archivo/fotos/2003 znls03.jpg
2005.04.26 20:23 B C:\Ajedrez\agax.org\archivo\fotos\2003\vro03.jpg --> ftp.agax.org /www/archivo/fotos/2003 vro03.jpg
2005.04.26 20:23 B C:\Ajedrez\agax.org\archivo\fotos\2003\palliga03_small.jpg --> ftp.agax.org /www/archivo/fotos/2003 palliga03_small.jpg
2005.04.26 20:23 B C:\Ajedrez\agax.org\archivo\fotos\2003\palliga03.jpg --> ftp.agax.org /www/archivo/fotos/2003 palliga03.jpg
2005.04.26 20:23 B C:\Ajedrez\agax.org\archivo\fotos\2003\monitorlout_small.jpg --> ftp.agax.org /www/archivo/fotos/2003 monitorlout_small.jpg
2005.04.26 20:23 B C:\Ajedrez\agax.org\archivo\fotos\2003\monitorlout.jpg --> ftp.agax.org /www/archivo/fotos/2003 monitorlout.jpg
2005.04.26 20:23 B C:\Ajedrez\agax.org\archivo\fotos\2003\csccs_small.jpg --> ftp.agax.org /www/archivo/fotos/2003 csccs_small.jpg
2005.04.26 20:23 B C:\Ajedrez\agax.org\archivo\fotos\2003\csccs.jpg --> ftp.agax.org /www/archivo/fotos/2003 csccs.jpg
2006.10.19 11:24 B C:\Ajedrez\agax.org\archivo\fotos\2003\2003-03.jpg --> ftp.agax.org /html/archivo/fotos/2003 2003-03.jpg
2006.10.19 11:24 B C:\Ajedrez\agax.org\archivo\fotos\2003\2003-03_small.jpg --> ftp.agax.org /html/archivo/fotos/2003 2003-03_small.jpg
2006.10.19 11:24 B C:\Ajedrez\agax.org\archivo\fotos\2003\2003-04.jpg --> ftp.agax.org /html/archivo/fotos/2003 2003-04.jpg
2006.10.19 11:24 B C:\Ajedrez\agax.org\archivo\fotos\2003\2003-04_small.jpg --> ftp.agax.org /html/archivo/fotos/2003 2003-04_small.jpg
2006.10.19 11:24 B C:\Ajedrez\agax.org\archivo\fotos\2003\2003-19.jpg --> ftp.agax.org /html/archivo/fotos/2003 2003-19.jpg
2006.10.19 11:24 B C:\Ajedrez\agax.org\archivo\fotos\2003\2003-19_small.jpg --> ftp.agax.org /html/archivo/fotos/2003 2003-19_small.jpg
2006.10.19 11:24 B C:\Ajedrez\agax.org\archivo\fotos\2003\biblo.jpg --> ftp.agax.org /html/archivo/fotos/2003 biblo.jpg
2006.10.19 11:24 B C:\Ajedrez\agax.org\archivo\fotos\2003\biblo_small.jpg --> ftp.agax.org /html/archivo/fotos/2003 biblo_small.jpg
2006.10.19 11:24 B C:\Ajedrez\agax.org\archivo\fotos\2003\cfteam.jpg --> ftp.agax.org /html/archivo/fotos/2003 cfteam.jpg
2006.10.19 11:24 B C:\Ajedrez\agax.org\archivo\fotos\2003\cfteam_small.jpg --> ftp.agax.org /html/archivo/fotos/2003 cfteam_small.jpg
2006.10.19 11:24 B C:\Ajedrez\agax.org\archivo\fotos\2003\clases0203.jpg --> ftp.agax.org /html/archivo/fotos/2003 clases0203.jpg
2006.10.19 11:24 B C:\Ajedrez\agax.org\archivo\fotos\2003\clases0203_small.jpg --> ftp.agax.org /html/archivo/fotos/2003 clases0203_small.jpg
2006.10.19 11:24 B C:\Ajedrez\agax.org\archivo\fotos\2003\csccs.jpg --> ftp.agax.org /html/archivo/fotos/2003 csccs.jpg
2006.10.19 11:24 B C:\Ajedrez\agax.org\archivo\fotos\2003\csccs_small.jpg --> ftp.agax.org /html/archivo/fotos/2003 csccs_small.jpg
2006.10.19 11:24 B C:\Ajedrez\agax.org\archivo\fotos\2003\dcc03.jpg --> ftp.agax.org /html/archivo/fotos/2003 dcc03.jpg
2006.10.19 11:24 B C:\Ajedrez\agax.org\archivo\fotos\2003\dcc031.jpg --> ftp.agax.org /html/archivo/fotos/2003 dcc031.jpg
2006.10.19 11:24 B C:\Ajedrez\agax.org\archivo\fotos\2003\dcc031_small.jpg --> ftp.agax.org /html/archivo/fotos/2003 dcc031_small.jpg
2006.10.19 11:24 B C:\Ajedrez\agax.org\archivo\fotos\2003\dcc03_small.jpg --> ftp.agax.org /html/archivo/fotos/2003 dcc03_small.jpg
2006.10.19 11:24 B C:\Ajedrez\agax.org\archivo\fotos\2003\domarte.jpg --> ftp.agax.org /html/archivo/fotos/2003 domarte.jpg
2006.10.19 11:24 B C:\Ajedrez\agax.org\archivo\fotos\2003\domarte_small.jpg --> ftp.agax.org /html/archivo/fotos/2003 domarte_small.jpg
2006.10.19 11:24 B C:\Ajedrez\agax.org\archivo\fotos\2003\domsada.jpg --> ftp.agax.org /html/archivo/fotos/2003 domsada.jpg
2006.10.19 11:24 B C:\Ajedrez\agax.org\archivo\fotos\2003\domsada2.jpg --> ftp.agax.org /html/archivo/fotos/2003 domsada2.jpg
2006.10.19 11:24 B C:\Ajedrez\agax.org\archivo\fotos\2003\domsada2_small.jpg --> ftp.agax.org /html/archivo/fotos/2003 domsada2_small.jpg
2006.10.19 11:24 B C:\Ajedrez\agax.org\archivo\fotos\2003\domsada_small.jpg --> ftp.agax.org /html/archivo/fotos/2003 domsada_small.jpg
2006.10.19 11:24 B C:\Ajedrez\agax.org\archivo\fotos\2003\lout03ac.jpg --> ftp.agax.org /html/archivo/fotos/2003 lout03ac.jpg
2006.10.19 11:24 B C:\Ajedrez\agax.org\archivo\fotos\2003\lout03ac_small.jpg --> ftp.agax.org /html/archivo/fotos/2003 lout03ac_small.jpg
2006.10.19 11:24 B C:\Ajedrez\agax.org\archivo\fotos\2003\luisp.jpg --> ftp.agax.org /html/archivo/fotos/2003 luisp.jpg
2006.10.19 11:24 B C:\Ajedrez\agax.org\archivo\fotos\2003\luisp_small.jpg --> ftp.agax.org /html/archivo/fotos/2003 luisp_small.jpg
2006.10.19 11:24 B C:\Ajedrez\agax.org\archivo\fotos\2003\mag2003.htm --> ftp.agax.org /html/archivo/fotos/2003 mag2003.htm
2006.10.19 11:24 B C:\Ajedrez\agax.org\archivo\fotos\2003\marat03a.jpg --> ftp.agax.org /html/archivo/fotos/2003 marat03a.jpg
2006.10.19 11:24 B C:\Ajedrez\agax.org\archivo\fotos\2003\marat03a_small.jpg --> ftp.agax.org /html/archivo/fotos/2003 marat03a_small.jpg
2006.10.19 11:24 B C:\Ajedrez\agax.org\archivo\fotos\2003\maraton.jpg --> ftp.agax.org /html/archivo/fotos/2003 maraton.jpg
2006.10.19 11:24 B C:\Ajedrez\agax.org\archivo\fotos\2003\maraton_small.jpg --> ftp.agax.org /html/archivo/fotos/2003 maraton_small.jpg
2006.10.19 11:24 B C:\Ajedrez\agax.org\archivo\fotos\2003\monitorlout.jpg --> ftp.agax.org /html/archivo/fotos/2003 monitorlout.jpg
2006.10.19 11:24 B C:\Ajedrez\agax.org\archivo\fotos\2003\monitorlout_small.jpg --> ftp.agax.org /html/archivo/fotos/2003 monitorlout_small.jpg
2006.10.19 11:24 B C:\Ajedrez\agax.org\archivo\fotos\2003\palliga03.jpg --> ftp.agax.org /html/archivo/fotos/2003 palliga03.jpg
2006.10.19 11:24 B C:\Ajedrez\agax.org\archivo\fotos\2003\palliga03_small.jpg --> ftp.agax.org /html/archivo/fotos/2003 palliga03_small.jpg
2006.10.19 11:24 B C:\Ajedrez\agax.org\archivo\fotos\2003\pantalla.jpg --> ftp.agax.org /html/archivo/fotos/2003 pantalla.jpg
2006.10.19 11:24 B C:\Ajedrez\agax.org\archivo\fotos\2003\pantalla_small.jpg --> ftp.agax.org /html/archivo/fotos/2003 pantalla_small.jpg
2006.10.19 11:24 B C:\Ajedrez\agax.org\archivo\fotos\2003\salajuego.jpg --> ftp.agax.org /html/archivo/fotos/2003 salajuego.jpg
2006.10.19 11:24 B C:\Ajedrez\agax.org\archivo\fotos\2003\salajuego_small.jpg --> ftp.agax.org /html/archivo/fotos/2003 salajuego_small.jpg
2006.10.19 11:24 B C:\Ajedrez\agax.org\archivo\fotos\2003\Thumbs.db --> ftp.agax.org /html/archivo/fotos/2003 Thumbs.db
2006.10.19 11:24 B C:\Ajedrez\agax.org\archivo\fotos\2003\tout03.jpg --> ftp.agax.org /html/archivo/fotos/2003 tout03.jpg
2006.10.19 11:24 B C:\Ajedrez\agax.org\archivo\fotos\2003\tout03_small.jpg --> ftp.agax.org /html/archivo/fotos/2003 tout03_small.jpg
2006.10.19 11:24 B C:\Ajedrez\agax.org\archivo\fotos\2003\tsd01.jpg --> ftp.agax.org /html/archivo/fotos/2003 tsd01.jpg
2006.10.19 11:24 B C:\Ajedrez\agax.org\archivo\fotos\2003\tsd01_small.jpg --> ftp.agax.org /html/archivo/fotos/2003 tsd01_small.jpg
2006.10.19 11:24 B C:\Ajedrez\agax.org\archivo\fotos\2003\tsd02.jpg --> ftp.agax.org /html/archivo/fotos/2003 tsd02.jpg
2006.10.19 11:24 B C:\Ajedrez\agax.org\archivo\fotos\2003\tsd02_small.jpg --> ftp.agax.org /html/archivo/fotos/2003 tsd02_small.jpg
2006.10.19 11:24 B C:\Ajedrez\agax.org\archivo\fotos\2003\vro03.jpg --> ftp.agax.org /html/archivo/fotos/2003 vro03.jpg
2006.10.19 11:24 B C:\Ajedrez\agax.org\archivo\fotos\2003\vro03_small.jpg --> ftp.agax.org /html/archivo/fotos/2003 vro03_small.jpg
