2005.02.20 21:11 B C:\Ajedrez\agax.org\archivo\fotos\2004\aninovo.jpg --> ftp.agax.org /www/archivo/fotos/2004 aninovo.jpg
2005.02.20 21:11 B C:\Ajedrez\agax.org\archivo\fotos\2004\aninovo_small.jpg --> ftp.agax.org /www/archivo/fotos/2004 aninovo_small.jpg
2005.02.20 21:12 B C:\Ajedrez\agax.org\archivo\fotos\2004\dccvigo.jpg --> ftp.agax.org /www/archivo/fotos/2004 dccvigo.jpg
2005.02.20 21:12 B C:\Ajedrez\agax.org\archivo\fotos\2004\dccvigo_small.jpg --> ftp.agax.org /www/archivo/fotos/2004 dccvigo_small.jpg
2005.02.20 21:12 B C:\Ajedrez\agax.org\archivo\fotos\2004\ganadors.jpg --> ftp.agax.org /www/archivo/fotos/2004 ganadors.jpg
2005.02.20 21:12 B C:\Ajedrez\agax.org\archivo\fotos\2004\ganadors_small.jpg --> ftp.agax.org /www/archivo/fotos/2004 ganadors_small.jpg
2005.02.20 21:12 B C:\Ajedrez\agax.org\archivo\fotos\2004\honor.jpg --> ftp.agax.org /www/archivo/fotos/2004 honor.jpg
2005.02.20 21:12 B C:\Ajedrez\agax.org\archivo\fotos\2004\honor2.jpg --> ftp.agax.org /www/archivo/fotos/2004 honor2.jpg
2005.02.20 21:12 B C:\Ajedrez\agax.org\archivo\fotos\2004\honor2_small.jpg --> ftp.agax.org /www/archivo/fotos/2004 honor2_small.jpg
2005.02.20 21:12 B C:\Ajedrez\agax.org\archivo\fotos\2004\honor_small.jpg --> ftp.agax.org /www/archivo/fotos/2004 honor_small.jpg
2005.02.20 21:12 B C:\Ajedrez\agax.org\archivo\fotos\2004\liga04.jpg --> ftp.agax.org /www/archivo/fotos/2004 liga04.jpg
2005.02.20 21:12 B C:\Ajedrez\agax.org\archivo\fotos\2004\liga04_small.jpg --> ftp.agax.org /www/archivo/fotos/2004 liga04_small.jpg
2005.02.20 21:12 B C:\Ajedrez\agax.org\archivo\fotos\2004\liga04a.jpg --> ftp.agax.org /www/archivo/fotos/2004 liga04a.jpg
2005.02.20 21:12 B C:\Ajedrez\agax.org\archivo\fotos\2004\liga04a_small.jpg --> ftp.agax.org /www/archivo/fotos/2004 liga04a_small.jpg
2005.02.20 21:12 B C:\Ajedrez\agax.org\archivo\fotos\2004\liga04b.jpg --> ftp.agax.org /www/archivo/fotos/2004 liga04b.jpg
2005.02.20 21:12 B C:\Ajedrez\agax.org\archivo\fotos\2004\liga04b_small.jpg --> ftp.agax.org /www/archivo/fotos/2004 liga04b_small.jpg
2005.02.20 21:12 B C:\Ajedrez\agax.org\archivo\fotos\2004\lout04a.jpg --> ftp.agax.org /www/archivo/fotos/2004 lout04a.jpg
2005.02.20 21:12 B C:\Ajedrez\agax.org\archivo\fotos\2004\lout04a_small.jpg --> ftp.agax.org /www/archivo/fotos/2004 lout04a_small.jpg
2005.02.20 21:12 B C:\Ajedrez\agax.org\archivo\fotos\2004\mag2004.htm --> ftp.agax.org /www/archivo/fotos/2004 mag2004.htm
2005.02.20 21:12 B C:\Ajedrez\agax.org\archivo\fotos\2004\marat04.jpg --> ftp.agax.org /www/archivo/fotos/2004 marat04.jpg
2005.02.20 21:13 B C:\Ajedrez\agax.org\archivo\fotos\2004\nadal.jpg --> ftp.agax.org /www/archivo/fotos/2004 nadal.jpg
2005.02.20 21:13 B C:\Ajedrez\agax.org\archivo\fotos\2004\nadal_small.jpg --> ftp.agax.org /www/archivo/fotos/2004 nadal_small.jpg
2005.02.20 21:13 B C:\Ajedrez\agax.org\archivo\fotos\2004\pasapasa.jpg --> ftp.agax.org /www/archivo/fotos/2004 pasapasa.jpg
2005.02.20 21:13 B C:\Ajedrez\agax.org\archivo\fotos\2004\pasapasa_small.jpg --> ftp.agax.org /www/archivo/fotos/2004 pasapasa_small.jpg
2005.02.20 21:13 B C:\Ajedrez\agax.org\archivo\fotos\2004\sigrdomi.jpg --> ftp.agax.org /www/archivo/fotos/2004 sigrdomi.jpg
2005.02.20 21:13 B C:\Ajedrez\agax.org\archivo\fotos\2004\sigrdomi_small.jpg --> ftp.agax.org /www/archivo/fotos/2004 sigrdomi_small.jpg
2005.02.20 21:13 B C:\Ajedrez\agax.org\archivo\fotos\2004\sub1404.jpg --> ftp.agax.org /www/archivo/fotos/2004 sub1404.jpg
2005.02.20 21:13 B C:\Ajedrez\agax.org\archivo\fotos\2004\sub1404_small.jpg --> ftp.agax.org /www/archivo/fotos/2004 sub1404_small.jpg
2005.04.26 20:25 B C:\Ajedrez\agax.org\archivo\fotos\2004\mag2004.htm --> ftp.agax.org /www/archivo/2004 mag2004.htm
2005.04.26 20:25 B C:\Ajedrez\agax.org\archivo\fotos\2004\classmagno_small.jpg --> ftp.agax.org /www/archivo/2004 classmagno_small.jpg
2005.04.26 20:25 B C:\Ajedrez\agax.org\archivo\fotos\2004\classmagno.jpg --> ftp.agax.org /www/archivo/2004 classmagno.jpg
2005.04.26 20:25 B C:\Ajedrez\agax.org\archivo\fotos\2004\agaxcccp_small.jpg --> ftp.agax.org /www/archivo/2004 agaxcccp_small.jpg
2005.04.26 20:25 B C:\Ajedrez\agax.org\archivo\fotos\2004\agaxcccp.jpg --> ftp.agax.org /www/archivo/2004 agaxcccp.jpg
2005.04.26 20:28 B C:\Ajedrez\agax.org\archivo\fotos\2004\mag2004.htm --> ftp.agax.org /www/archivo/fotos/2004 mag2004.htm
2005.04.26 20:28 B C:\Ajedrez\agax.org\archivo\fotos\2004\classmagno_small.jpg --> ftp.agax.org /www/archivo/fotos/2004 classmagno_small.jpg
2005.04.26 20:28 B C:\Ajedrez\agax.org\archivo\fotos\2004\classmagno.jpg --> ftp.agax.org /www/archivo/fotos/2004 classmagno.jpg
2005.04.26 20:28 B C:\Ajedrez\agax.org\archivo\fotos\2004\agaxcccp_small.jpg --> ftp.agax.org /www/archivo/fotos/2004 agaxcccp_small.jpg
2005.04.26 20:28 B C:\Ajedrez\agax.org\archivo\fotos\2004\agaxcccp.jpg --> ftp.agax.org /www/archivo/fotos/2004 agaxcccp.jpg
2005.04.26 20:30 B C:\Ajedrez\agax.org\archivo\fotos\2004\mag2004.htm --> ftp.agax.org /www/archivo/fotos/2004 mag2004.htm
2005.08.11 16:48 B C:\Ajedrez\agax.org\archivo\fotos\2004\agaxcccp.jpg --> ftp.agax.org /www/archivo/fotos/2004 agaxcccp.jpg
2005.08.11 16:48 B C:\Ajedrez\agax.org\archivo\fotos\2004\agaxcccp_small.jpg --> ftp.agax.org /www/archivo/fotos/2004 agaxcccp_small.jpg
2005.08.11 16:48 B C:\Ajedrez\agax.org\archivo\fotos\2004\aninovo.jpg --> ftp.agax.org /www/archivo/fotos/2004 aninovo.jpg
2005.08.11 16:48 B C:\Ajedrez\agax.org\archivo\fotos\2004\aninovo_small.jpg --> ftp.agax.org /www/archivo/fotos/2004 aninovo_small.jpg
2005.08.11 16:48 B C:\Ajedrez\agax.org\archivo\fotos\2004\casci060.jpg --> ftp.agax.org /www/archivo/fotos/2004 casci060.jpg
2005.08.11 16:48 B C:\Ajedrez\agax.org\archivo\fotos\2004\CASCI060_small.JPG --> ftp.agax.org /www/archivo/fotos/2004 CASCI060_small.JPG
2005.08.11 16:48 B C:\Ajedrez\agax.org\archivo\fotos\2004\classmagno.jpg --> ftp.agax.org /www/archivo/fotos/2004 classmagno.jpg
2005.08.11 16:48 B C:\Ajedrez\agax.org\archivo\fotos\2004\classmagno_small.jpg --> ftp.agax.org /www/archivo/fotos/2004 classmagno_small.jpg
2005.08.11 16:48 B C:\Ajedrez\agax.org\archivo\fotos\2004\dccvigo.jpg --> ftp.agax.org /www/archivo/fotos/2004 dccvigo.jpg
2005.08.11 16:48 B C:\Ajedrez\agax.org\archivo\fotos\2004\dccvigo_small.jpg --> ftp.agax.org /www/archivo/fotos/2004 dccvigo_small.jpg
2005.08.11 16:48 B C:\Ajedrez\agax.org\archivo\fotos\2004\ganadors.jpg --> ftp.agax.org /www/archivo/fotos/2004 ganadors.jpg
2005.08.11 16:48 B C:\Ajedrez\agax.org\archivo\fotos\2004\ganadors_small.jpg --> ftp.agax.org /www/archivo/fotos/2004 ganadors_small.jpg
2005.08.11 16:48 B C:\Ajedrez\agax.org\archivo\fotos\2004\honor.jpg --> ftp.agax.org /www/archivo/fotos/2004 honor.jpg
2005.08.11 16:48 B C:\Ajedrez\agax.org\archivo\fotos\2004\honor2.jpg --> ftp.agax.org /www/archivo/fotos/2004 honor2.jpg
2005.08.11 16:48 B C:\Ajedrez\agax.org\archivo\fotos\2004\honor2_small.jpg --> ftp.agax.org /www/archivo/fotos/2004 honor2_small.jpg
2005.08.11 16:48 B C:\Ajedrez\agax.org\archivo\fotos\2004\honor_small.jpg --> ftp.agax.org /www/archivo/fotos/2004 honor_small.jpg
2005.08.11 16:48 B C:\Ajedrez\agax.org\archivo\fotos\2004\liga04.jpg --> ftp.agax.org /www/archivo/fotos/2004 liga04.jpg
2005.08.11 16:48 B C:\Ajedrez\agax.org\archivo\fotos\2004\liga04_small.jpg --> ftp.agax.org /www/archivo/fotos/2004 liga04_small.jpg
2005.08.11 16:48 B C:\Ajedrez\agax.org\archivo\fotos\2004\liga04a.jpg --> ftp.agax.org /www/archivo/fotos/2004 liga04a.jpg
2005.08.11 16:48 B C:\Ajedrez\agax.org\archivo\fotos\2004\liga04a_small.jpg --> ftp.agax.org /www/archivo/fotos/2004 liga04a_small.jpg
2005.08.11 16:48 B C:\Ajedrez\agax.org\archivo\fotos\2004\liga04b.jpg --> ftp.agax.org /www/archivo/fotos/2004 liga04b.jpg
2005.08.11 16:48 B C:\Ajedrez\agax.org\archivo\fotos\2004\liga04b_small.jpg --> ftp.agax.org /www/archivo/fotos/2004 liga04b_small.jpg
2005.08.11 16:48 B C:\Ajedrez\agax.org\archivo\fotos\2004\ligaxa032.jpg --> ftp.agax.org /www/archivo/fotos/2004 ligaxa032.jpg
2005.08.11 16:48 B C:\Ajedrez\agax.org\archivo\fotos\2004\ligaxa032_small.jpg --> ftp.agax.org /www/archivo/fotos/2004 ligaxa032_small.jpg
2005.08.11 16:48 B C:\Ajedrez\agax.org\archivo\fotos\2004\lout04a.jpg --> ftp.agax.org /www/archivo/fotos/2004 lout04a.jpg
2005.08.11 16:48 B C:\Ajedrez\agax.org\archivo\fotos\2004\lout04a_small.jpg --> ftp.agax.org /www/archivo/fotos/2004 lout04a_small.jpg
2005.08.11 16:48 B C:\Ajedrez\agax.org\archivo\fotos\2004\mag2004.htm --> ftp.agax.org /www/archivo/fotos/2004 mag2004.htm
2005.08.11 16:48 B C:\Ajedrez\agax.org\archivo\fotos\2004\marat04.jpg --> ftp.agax.org /www/archivo/fotos/2004 marat04.jpg
2005.08.11 16:48 B C:\Ajedrez\agax.org\archivo\fotos\2004\miño017.jpg --> ftp.agax.org /www/archivo/fotos/2004 miño017.jpg
2005.08.11 16:48 B C:\Ajedrez\agax.org\archivo\fotos\2004\miño017_small.jpg --> ftp.agax.org /www/archivo/fotos/2004 miño017_small.jpg
2005.08.11 16:48 B C:\Ajedrez\agax.org\archivo\fotos\2004\nadal.jpg --> ftp.agax.org /www/archivo/fotos/2004 nadal.jpg
2005.08.11 16:48 B C:\Ajedrez\agax.org\archivo\fotos\2004\nadal_small.jpg --> ftp.agax.org /www/archivo/fotos/2004 nadal_small.jpg
2005.08.11 16:48 B C:\Ajedrez\agax.org\archivo\fotos\2004\pasapasa.jpg --> ftp.agax.org /www/archivo/fotos/2004 pasapasa.jpg
2005.08.11 16:48 B C:\Ajedrez\agax.org\archivo\fotos\2004\pasapasa_small.jpg --> ftp.agax.org /www/archivo/fotos/2004 pasapasa_small.jpg
2005.08.11 16:48 B C:\Ajedrez\agax.org\archivo\fotos\2004\sigrdomi.jpg --> ftp.agax.org /www/archivo/fotos/2004 sigrdomi.jpg
2005.08.11 16:48 B C:\Ajedrez\agax.org\archivo\fotos\2004\sigrdomi_small.jpg --> ftp.agax.org /www/archivo/fotos/2004 sigrdomi_small.jpg
2005.08.11 16:48 B C:\Ajedrez\agax.org\archivo\fotos\2004\sub1404.jpg --> ftp.agax.org /www/archivo/fotos/2004 sub1404.jpg
2005.08.11 16:48 B C:\Ajedrez\agax.org\archivo\fotos\2004\sub1404_small.jpg --> ftp.agax.org /www/archivo/fotos/2004 sub1404_small.jpg
2005.08.11 16:58 B C:\Ajedrez\agax.org\archivo\fotos\2004\casci060.jpg --> ftp.agax.org /www/archivo/fotos/2004 casci060.jpg
2005.08.11 16:58 B C:\Ajedrez\agax.org\archivo\fotos\2004\CASCI060_small.JPG --> ftp.agax.org /www/archivo/fotos/2004 CASCI060_small.JPG
2005.08.11 16:58 B C:\Ajedrez\agax.org\archivo\fotos\2004\ligaxa032.jpg --> ftp.agax.org /www/archivo/fotos/2004 ligaxa032.jpg
2005.08.11 16:58 B C:\Ajedrez\agax.org\archivo\fotos\2004\ligaxa032_small.jpg --> ftp.agax.org /www/archivo/fotos/2004 ligaxa032_small.jpg
2005.08.11 16:58 B C:\Ajedrez\agax.org\archivo\fotos\2004\miño017.jpg --> ftp.agax.org /www/archivo/fotos/2004 miño017.jpg
2005.08.11 16:58 B C:\Ajedrez\agax.org\archivo\fotos\2004\miño017_small.jpg --> ftp.agax.org /www/archivo/fotos/2004 miño017_small.jpg
2005.08.11 16:59 B C:\Ajedrez\agax.org\archivo\fotos\2004\mag2004.htm --> ftp.agax.org /www/archivo/fotos/2004 mag2004.htm
2005.08.11 17:00 B C:\Ajedrez\agax.org\archivo\fotos\2004\mag2004.htm --> ftp.agax.org /www/archivo/fotos/2004 mag2004.htm
2005.08.11 17:01 B C:\Ajedrez\agax.org\archivo\fotos\2004\mino017.jpg --> ftp.agax.org /www/archivo/fotos/2004 mino017.jpg
2005.08.11 17:01 B C:\Ajedrez\agax.org\archivo\fotos\2004\mino017_small.jpg --> ftp.agax.org /www/archivo/fotos/2004 mino017_small.jpg
2005.08.11 17:01 B C:\Ajedrez\agax.org\archivo\fotos\2004\mag2004.htm --> ftp.agax.org /www/archivo/fotos/2004 mag2004.htm
2005.08.11 17:02 B C:\Ajedrez\agax.org\archivo\fotos\2004\mag2004.htm --> ftp.agax.org /www/archivo/fotos/2004 mag2004.htm
2005.08.11 17:04 B C:\Ajedrez\agax.org\archivo\fotos\2004\mag2004.htm --> ftp.agax.org /www/archivo/fotos/2004 mag2004.htm
2005.08.11 17:05 B C:\Ajedrez\agax.org\archivo\fotos\2004\mag2004.htm --> ftp.agax.org /www/archivo/fotos/2004 mag2004.htm
2005.08.11 17:05 B C:\Ajedrez\agax.org\archivo\fotos\2004\casci060.jpg --> ftp.agax.org /www/archivo/fotos/2004 casci060.jpg
2005.08.11 17:05 B C:\Ajedrez\agax.org\archivo\fotos\2004\casci60_small.JPG --> ftp.agax.org /www/archivo/fotos/2004 casci60_small.JPG
2005.08.11 17:05 B C:\Ajedrez\agax.org\archivo\fotos\2004\mag2004.htm --> ftp.agax.org /www/archivo/fotos/2004 mag2004.htm
2006.10.19 11:25 B C:\Ajedrez\agax.org\archivo\fotos\2004\agaxcccp.jpg --> ftp.agax.org /html/archivo/fotos/2004 agaxcccp.jpg
2006.10.19 11:25 B C:\Ajedrez\agax.org\archivo\fotos\2004\agaxcccp_small.jpg --> ftp.agax.org /html/archivo/fotos/2004 agaxcccp_small.jpg
2006.10.19 11:25 B C:\Ajedrez\agax.org\archivo\fotos\2004\aninovo.jpg --> ftp.agax.org /html/archivo/fotos/2004 aninovo.jpg
2006.10.19 11:25 B C:\Ajedrez\agax.org\archivo\fotos\2004\aninovo_small.jpg --> ftp.agax.org /html/archivo/fotos/2004 aninovo_small.jpg
2006.10.19 11:25 B C:\Ajedrez\agax.org\archivo\fotos\2004\casci060.jpg --> ftp.agax.org /html/archivo/fotos/2004 casci060.jpg
2006.10.19 11:25 B C:\Ajedrez\agax.org\archivo\fotos\2004\casci60_small.JPG --> ftp.agax.org /html/archivo/fotos/2004 casci60_small.JPG
2006.10.19 11:25 B C:\Ajedrez\agax.org\archivo\fotos\2004\classmagno.jpg --> ftp.agax.org /html/archivo/fotos/2004 classmagno.jpg
2006.10.19 11:25 B C:\Ajedrez\agax.org\archivo\fotos\2004\classmagno_small.jpg --> ftp.agax.org /html/archivo/fotos/2004 classmagno_small.jpg
2006.10.19 11:25 B C:\Ajedrez\agax.org\archivo\fotos\2004\dccvigo.jpg --> ftp.agax.org /html/archivo/fotos/2004 dccvigo.jpg
2006.10.19 11:25 B C:\Ajedrez\agax.org\archivo\fotos\2004\dccvigo_small.jpg --> ftp.agax.org /html/archivo/fotos/2004 dccvigo_small.jpg
2006.10.19 11:25 B C:\Ajedrez\agax.org\archivo\fotos\2004\ganadors.jpg --> ftp.agax.org /html/archivo/fotos/2004 ganadors.jpg
2006.10.19 11:25 B C:\Ajedrez\agax.org\archivo\fotos\2004\ganadors_small.jpg --> ftp.agax.org /html/archivo/fotos/2004 ganadors_small.jpg
2006.10.19 11:25 B C:\Ajedrez\agax.org\archivo\fotos\2004\honor.jpg --> ftp.agax.org /html/archivo/fotos/2004 honor.jpg
2006.10.19 11:25 B C:\Ajedrez\agax.org\archivo\fotos\2004\honor2.jpg --> ftp.agax.org /html/archivo/fotos/2004 honor2.jpg
2006.10.19 11:25 B C:\Ajedrez\agax.org\archivo\fotos\2004\honor2_small.jpg --> ftp.agax.org /html/archivo/fotos/2004 honor2_small.jpg
2006.10.19 11:25 B C:\Ajedrez\agax.org\archivo\fotos\2004\honor_small.jpg --> ftp.agax.org /html/archivo/fotos/2004 honor_small.jpg
2006.10.19 11:25 B C:\Ajedrez\agax.org\archivo\fotos\2004\liga04.jpg --> ftp.agax.org /html/archivo/fotos/2004 liga04.jpg
2006.10.19 11:25 B C:\Ajedrez\agax.org\archivo\fotos\2004\liga04_small.jpg --> ftp.agax.org /html/archivo/fotos/2004 liga04_small.jpg
2006.10.19 11:25 B C:\Ajedrez\agax.org\archivo\fotos\2004\liga04a.jpg --> ftp.agax.org /html/archivo/fotos/2004 liga04a.jpg
2006.10.19 11:25 B C:\Ajedrez\agax.org\archivo\fotos\2004\liga04a_small.jpg --> ftp.agax.org /html/archivo/fotos/2004 liga04a_small.jpg
2006.10.19 11:25 B C:\Ajedrez\agax.org\archivo\fotos\2004\liga04b.jpg --> ftp.agax.org /html/archivo/fotos/2004 liga04b.jpg
2006.10.19 11:25 B C:\Ajedrez\agax.org\archivo\fotos\2004\liga04b_small.jpg --> ftp.agax.org /html/archivo/fotos/2004 liga04b_small.jpg
2006.10.19 11:25 B C:\Ajedrez\agax.org\archivo\fotos\2004\ligaxa032.jpg --> ftp.agax.org /html/archivo/fotos/2004 ligaxa032.jpg
2006.10.19 11:25 B C:\Ajedrez\agax.org\archivo\fotos\2004\ligaxa032_small.jpg --> ftp.agax.org /html/archivo/fotos/2004 ligaxa032_small.jpg
2006.10.19 11:25 B C:\Ajedrez\agax.org\archivo\fotos\2004\lout04a.jpg --> ftp.agax.org /html/archivo/fotos/2004 lout04a.jpg
2006.10.19 11:25 B C:\Ajedrez\agax.org\archivo\fotos\2004\lout04a_small.jpg --> ftp.agax.org /html/archivo/fotos/2004 lout04a_small.jpg
2006.10.19 11:25 B C:\Ajedrez\agax.org\archivo\fotos\2004\mag2004.htm --> ftp.agax.org /html/archivo/fotos/2004 mag2004.htm
2006.10.19 11:25 B C:\Ajedrez\agax.org\archivo\fotos\2004\marat04.jpg --> ftp.agax.org /html/archivo/fotos/2004 marat04.jpg
2006.10.19 11:25 B C:\Ajedrez\agax.org\archivo\fotos\2004\mino017.jpg --> ftp.agax.org /html/archivo/fotos/2004 mino017.jpg
2006.10.19 11:25 B C:\Ajedrez\agax.org\archivo\fotos\2004\mino017_small.jpg --> ftp.agax.org /html/archivo/fotos/2004 mino017_small.jpg
2006.10.19 11:25 B C:\Ajedrez\agax.org\archivo\fotos\2004\nadal.jpg --> ftp.agax.org /html/archivo/fotos/2004 nadal.jpg
2006.10.19 11:25 B C:\Ajedrez\agax.org\archivo\fotos\2004\nadal_small.jpg --> ftp.agax.org /html/archivo/fotos/2004 nadal_small.jpg
2006.10.19 11:25 B C:\Ajedrez\agax.org\archivo\fotos\2004\pasapasa.jpg --> ftp.agax.org /html/archivo/fotos/2004 pasapasa.jpg
2006.10.19 11:25 B C:\Ajedrez\agax.org\archivo\fotos\2004\pasapasa_small.jpg --> ftp.agax.org /html/archivo/fotos/2004 pasapasa_small.jpg
2006.10.19 11:25 B C:\Ajedrez\agax.org\archivo\fotos\2004\sigrdomi.jpg --> ftp.agax.org /html/archivo/fotos/2004 sigrdomi.jpg
2006.10.19 11:25 B C:\Ajedrez\agax.org\archivo\fotos\2004\sigrdomi_small.jpg --> ftp.agax.org /html/archivo/fotos/2004 sigrdomi_small.jpg
2006.10.19 11:25 B C:\Ajedrez\agax.org\archivo\fotos\2004\sub1404.jpg --> ftp.agax.org /html/archivo/fotos/2004 sub1404.jpg
2006.10.19 11:25 B C:\Ajedrez\agax.org\archivo\fotos\2004\sub1404_small.jpg --> ftp.agax.org /html/archivo/fotos/2004 sub1404_small.jpg
2006.10.19 11:25 B C:\Ajedrez\agax.org\archivo\fotos\2004\Thumbs.db --> ftp.agax.org /html/archivo/fotos/2004 Thumbs.db
