2005.02.20 20:59 B C:\Ajedrez\agax.org\archivo\fotos\1995\cidu95-1.jpg --> ftp.agax.org /www/archivo/fotos/1995 cidu95-1.jpg
2005.02.20 20:59 B C:\Ajedrez\agax.org\archivo\fotos\1995\cidu95-1_small.jpg --> ftp.agax.org /www/archivo/fotos/1995 cidu95-1_small.jpg
2005.02.20 20:59 B C:\Ajedrez\agax.org\archivo\fotos\1995\cidu95-4.jpg --> ftp.agax.org /www/archivo/fotos/1995 cidu95-4.jpg
2005.02.20 20:59 B C:\Ajedrez\agax.org\archivo\fotos\1995\imag1995.htm --> ftp.agax.org /www/archivo/fotos/1995 imag1995.htm
2005.02.20 20:59 B C:\Ajedrez\agax.org\archivo\fotos\1995\mejs01.jpg --> ftp.agax.org /www/archivo/fotos/1995 mejs01.jpg
2005.02.20 20:59 B C:\Ajedrez\agax.org\archivo\fotos\1995\mejs01_small.jpg --> ftp.agax.org /www/archivo/fotos/1995 mejs01_small.jpg
2005.02.20 20:59 B C:\Ajedrez\agax.org\archivo\fotos\1995\mejs02.jpg --> ftp.agax.org /www/archivo/fotos/1995 mejs02.jpg
2005.02.20 20:59 B C:\Ajedrez\agax.org\archivo\fotos\1995\mejs02_small.jpg --> ftp.agax.org /www/archivo/fotos/1995 mejs02_small.jpg
2005.02.20 21:00 B C:\Ajedrez\agax.org\archivo\fotos\1995\mejs03.jpg --> ftp.agax.org /www/archivo/fotos/1995 mejs03.jpg
2005.02.20 21:00 B C:\Ajedrez\agax.org\archivo\fotos\1995\mejs03_small.jpg --> ftp.agax.org /www/archivo/fotos/1995 mejs03_small.jpg
2005.04.08 20:48 B C:\Ajedrez\agax.org\archivo\fotos\1995\cidu95-1.jpg --> ftp.agax.org /www/archivo/fotos/1995 cidu95-1.jpg
2005.04.08 20:48 B C:\Ajedrez\agax.org\archivo\fotos\1995\cidu95-1_small.jpg --> ftp.agax.org /www/archivo/fotos/1995 cidu95-1_small.jpg
2005.04.08 20:48 B C:\Ajedrez\agax.org\archivo\fotos\1995\cidu95-4.jpg --> ftp.agax.org /www/archivo/fotos/1995 cidu95-4.jpg
2005.04.08 20:48 B C:\Ajedrez\agax.org\archivo\fotos\1995\imag1995.htm --> ftp.agax.org /www/archivo/fotos/1995 imag1995.htm
2005.04.08 20:48 B C:\Ajedrez\agax.org\archivo\fotos\1995\mejs01.jpg --> ftp.agax.org /www/archivo/fotos/1995 mejs01.jpg
2005.04.08 20:48 B C:\Ajedrez\agax.org\archivo\fotos\1995\mejs01_small.jpg --> ftp.agax.org /www/archivo/fotos/1995 mejs01_small.jpg
2005.04.08 20:48 B C:\Ajedrez\agax.org\archivo\fotos\1995\mejs02.jpg --> ftp.agax.org /www/archivo/fotos/1995 mejs02.jpg
2005.04.08 20:48 B C:\Ajedrez\agax.org\archivo\fotos\1995\mejs02_small.jpg --> ftp.agax.org /www/archivo/fotos/1995 mejs02_small.jpg
2005.04.08 20:48 B C:\Ajedrez\agax.org\archivo\fotos\1995\mejs03.jpg --> ftp.agax.org /www/archivo/fotos/1995 mejs03.jpg
2005.04.08 20:48 B C:\Ajedrez\agax.org\archivo\fotos\1995\mejs03_small.jpg --> ftp.agax.org /www/archivo/fotos/1995 mejs03_small.jpg
2006.10.19 11:21 B C:\Ajedrez\agax.org\archivo\fotos\1995\cidu95-1.jpg --> ftp.agax.org /html/archivo/fotos/1995 cidu95-1.jpg
2006.10.19 11:21 B C:\Ajedrez\agax.org\archivo\fotos\1995\cidu95-1_small.jpg --> ftp.agax.org /html/archivo/fotos/1995 cidu95-1_small.jpg
2006.10.19 11:21 B C:\Ajedrez\agax.org\archivo\fotos\1995\cidu95-4.jpg --> ftp.agax.org /html/archivo/fotos/1995 cidu95-4.jpg
2006.10.19 11:21 B C:\Ajedrez\agax.org\archivo\fotos\1995\imag1995.htm --> ftp.agax.org /html/archivo/fotos/1995 imag1995.htm
2006.10.19 11:21 B C:\Ajedrez\agax.org\archivo\fotos\1995\mejs01.jpg --> ftp.agax.org /html/archivo/fotos/1995 mejs01.jpg
2006.10.19 11:21 B C:\Ajedrez\agax.org\archivo\fotos\1995\mejs01_small.jpg --> ftp.agax.org /html/archivo/fotos/1995 mejs01_small.jpg
2006.10.19 11:21 B C:\Ajedrez\agax.org\archivo\fotos\1995\mejs02.jpg --> ftp.agax.org /html/archivo/fotos/1995 mejs02.jpg
2006.10.19 11:21 B C:\Ajedrez\agax.org\archivo\fotos\1995\mejs02_small.jpg --> ftp.agax.org /html/archivo/fotos/1995 mejs02_small.jpg
2006.10.19 11:21 B C:\Ajedrez\agax.org\archivo\fotos\1995\mejs03.jpg --> ftp.agax.org /html/archivo/fotos/1995 mejs03.jpg
2006.10.19 11:21 B C:\Ajedrez\agax.org\archivo\fotos\1995\mejs03_small.jpg --> ftp.agax.org /html/archivo/fotos/1995 mejs03_small.jpg
2006.10.19 11:21 B C:\Ajedrez\agax.org\archivo\fotos\1995\Thumbs.db --> ftp.agax.org /html/archivo/fotos/1995 Thumbs.db
